#Log file generated from the nmea2gvl.py converter
#Original NMEA file: 20100411_Geko_Regensburg.txt
#Receiver type: geko301
#Rear track width: 1.525m
#Wheel rolling cirumference: 1.920m
#Wheel ticks per revolution: 96
#By courtesy of Continental Automotive
0,0$GVGNSVER,2,0,0
0,0$GVSNSVER,2,0,0
#$GPRMC,165754,A,4901.5940,N,01203.9161,E,1.0,209.4,110410,1.6,E,A*18
#$GPGGA,165754,4901.5940,N,01203.9161,E,1,07,1.0,337.7,M,46.6,M,,*4F
#$GPGSV,3,1,12,02,19,043,00,05,20,199,40,08,29,072,44,10,04,181,00*7C
#$GPGSV,3,2,12,15,74,283,51,17,16,132,38,18,22,314,40,19,00,012,00*7B
#$GPGSV,3,3,12,24,01,296,00,26,18,307,42,27,36,272,49,28,56,068,49*7F
061074000,0$GVGNSP,061074000,49.02657,12.06527,337.7,0X07
061074000,0$GVGNSC,061074000,0.51,0,209.40,0X05
061074000,0$GVGNSAC,061074000,0,1.0,0,07,0,0,0,0,0,2,0X00000001,0X60A
061074000,11$GVGNSSAT,061074000,1,02,043,19,00,0X00,0X1F
061074000,10$GVGNSSAT,061074000,1,05,199,20,40,0X00,0X1F
061074000,09$GVGNSSAT,061074000,1,08,072,29,44,0X00,0X1F
061074000,08$GVGNSSAT,061074000,1,10,181,04,00,0X00,0X1F
061074000,07$GVGNSSAT,061074000,1,15,283,74,51,0X00,0X1F
061074000,06$GVGNSSAT,061074000,1,17,132,16,38,0X00,0X1F
061074000,05$GVGNSSAT,061074000,1,18,314,22,40,0X00,0X1F
061074000,04$GVGNSSAT,061074000,1,19,012,00,00,0X00,0X1F
061074000,03$GVGNSSAT,061074000,1,24,296,01,00,0X00,0X1F
061074000,02$GVGNSSAT,061074000,1,26,307,18,42,0X00,0X1F
061074000,01$GVGNSSAT,061074000,1,27,272,36,49,0X00,0X1F
061074000,00$GVGNSSAT,061074000,1,28,068,56,49,0X00,0X1F
#SNS 'derived' from GPS
061074000,0$GVSNSVSP,061074000,0.51,0X01
061074000,0$GVSNSGYR,061074000,-38.75,0,0,0,0X01
061074000,0$GVSNSWHE,061074000,103,000,0,0,0,0,0,0,0X0001,0X030,0,0,0
#$GPRMC,165756,A,4901.5931,N,01203.9114,E,4.4,270.1,110410,1.6,E,A*14
#$GPGGA,165756,4901.5931,N,01203.9114,E,1,07,1.3,338.2,M,46.6,M,,*40
#$GPGSV,3,1,12,02,19,043,00,05,20,199,00,08,29,072,42,10,04,181,00*7E
#$GPGSV,3,2,12,15,74,283,51,17,16,132,38,18,22,314,44,19,00,012,00*7F
#$GPGSV,3,3,12,24,01,296,00,26,18,307,44,27,36,272,49,28,56,068,47*77
061076000,0$GVGNSP,061076000,49.02655,12.06519,338.2,0X07
061076000,0$GVGNSC,061076000,2.26,0,270.10,0X05
061076000,0$GVGNSAC,061076000,0,1.3,0,07,0,0,0,0,0,2,0X00000001,0X60A
061076000,11$GVGNSSAT,061076000,1,02,043,19,00,0X00,0X1F
061076000,10$GVGNSSAT,061076000,1,05,199,20,00,0X00,0X1F
061076000,09$GVGNSSAT,061076000,1,08,072,29,42,0X00,0X1F
061076000,08$GVGNSSAT,061076000,1,10,181,04,00,0X00,0X1F
061076000,07$GVGNSSAT,061076000,1,15,283,74,51,0X00,0X1F
061076000,06$GVGNSSAT,061076000,1,17,132,16,38,0X00,0X1F
061076000,05$GVGNSSAT,061076000,1,18,314,22,44,0X00,0X1F
061076000,04$GVGNSSAT,061076000,1,19,012,00,00,0X00,0X1F
061076000,03$GVGNSSAT,061076000,1,24,296,01,00,0X00,0X1F
061076000,02$GVGNSSAT,061076000,1,26,307,18,44,0X00,0X1F
061076000,01$GVGNSSAT,061076000,1,27,272,36,49,0X00,0X1F
061076000,00$GVGNSSAT,061076000,1,28,068,56,47,0X00,0X1F
#SNS 'derived' from GPS
061076000,0$GVSNSVSP,061076000,2.26,0X01
061076000,0$GVSNSGYR,061076000,-30.35,0,0,0,0X01
061076000,0$GVSNSWHE,061076000,266,185,0,0,0,0,0,0,0X0001,0X030,0,0,0

