#Log file generated from the gvl1to2.py converter
#Original log file: geneve-cologny.gvsl
0,0$GVGNSVER,2,0,0
0,0$GVSNSVER,2,0,0
#4147$GVGPSP,3,46.201839,6.146647,0
000004147,0$GVGNSP,000004147,46.201839,6.146647,0,0X03
#4147$GVVEHSP,1,23.43
000004147,0$GVSNSVEHSP,000004147,23.43,0X01
#4147$GVGPSC,3,11.111111,27.000000,10
000004147,0$GVGNSC,000004147,11.111111,0,27.000000,0X05
#4147$GVVEHSP,1,24.43
000004147,0$GVSNSVEHSP,000004147,24.43,0X01
#5157$GVGPSP,3,46.202026,6.146818,0
000005157,0$GVGNSP,000005157,46.202026,6.146818,0,0X03
#5157$GVGPSC,3,11.111111,44.000000,11
000005157,0$GVGNSC,000005157,11.111111,0,44.000000,0X05
#6164$GVGPSP,3,46.201970,6.146935,11
000006164,0$GVGNSP,000006164,46.201970,6.146935,0,0X03
#6164$GVGPSC,3,11.111111,132.000000,12
000006164,0$GVGNSC,000006164,11.111111,0,132.000000,0X05
#7177$GVGPSP,3,46.201908,6.147034,0
000007177,0$GVGNSP,000007177,46.201908,6.147034,0,0X03
#7177$GVGPSC,3,11.111111,132.000000,13
000007177,0$GVGNSC,000007177,11.111111,0,132.000000,0X05
#8179$GVGPSP,3,46.201846,6.147133,13
000008179,0$GVGNSP,000008179,46.201846,6.147133,0,0X03
#8179$GVGPSC,3,11.111111,132.000000,14
000008179,0$GVGNSC,000008179,11.111111,0,132.000000,0X05
#9188$GVGPSP,3,46.201783,6.147250,0
000009188,0$GVGNSP,000009188,46.201783,6.147250,0,0X03
#9188$GVGPSC,3,11.111111,125.000000,15
000009188,0$GVGNSC,000009188,11.111111,0,125.000000,0X05
#10197$GVGPSP,3,46.201727,6.147358,0
000010197,0$GVGNSP,000010197,46.201727,6.147358,0,0X03
#10197$GVGPSC,3,11.111111,125.000000,16
000010197,0$GVGNSC,000010197,11.111111,0,125.000000,0X05
#11214$GVGPSP,3,46.201678,6.147475,0
000011214,0$GVGNSP,000011214,46.201678,6.147475,0,0X03
#11214$GVGPSC,3,11.111111,124.000000,15
000011214,0$GVGNSC,000011214,11.111111,0,124.000000,0X05
#12222$GVGPSP,3,46.201591,6.147448,0
000012222,0$GVGNSP,000012222,46.201591,6.147448,0,0X03
#12222$GVGPSC,3,11.111111,212.000000,14
000012222,0$GVGNSC,000012222,11.111111,0,212.000000,0X05
#12222$GVVEHSP,1,25.43
000012222,0$GVSNSVEHSP,000012222,25.43,0X01
#13224$GVGPSP,3,46.201516,6.147358,0
000013224,0$GVGNSP,000013224,46.201516,6.147358,0,0X03
#13224$GVGPSC,3,11.111111,219.000000,13
000013224,0$GVGNSC,000013224,11.111111,0,219.000000,0X05
#14230$GVGPSP,3,46.201441,6.147277,0
000014230,0$GVGNSP,000014230,46.201441,6.147277,0,0X03
#14230$GVGPSC,3,11.111111,218.000000,12
000014230,0$GVGNSC,000014230,11.111111,0,218.000000,0X05
#15237$GVGPSP,3,46.201366,6.147187,12
000015237,0$GVGNSP,000015237,46.201366,6.147187,0,0X03
#15237$GVGPSC,3,11.111111,218.000000,11
000015237,0$GVGNSC,000015237,11.111111,0,218.000000,0X05
#16241$GVGPSP,3,46.201286,6.147097,0
000016241,0$GVGNSP,000016241,46.201286,6.147097,0,0X03
#16241$GVGPSC,3,11.111111,223.000000,10
000016241,0$GVGNSC,000016241,11.111111,0,223.000000,0X05
#17245$GVGPSP,3,46.201217,6.146998,0
000017245,0$GVGNSP,000017245,46.201217,6.146998,0,0X03
#17245$GVGPSC,3,11.111111,225.000000,9
000017245,0$GVGNSC,000017245,11.111111,0,225.000000,0X05
#18247$GVGPSP,3,46.201149,6.146881,0
000018247,0$GVGNSP,000018247,46.201149,6.146881,0,0X03
#18247$GVGPSC,3,11.111111,258.000000,10
000018247,0$GVGNSC,000018247,11.111111,0,258.000000,0X05
#19255$GVGPSP,3,46.201105,6.146746,0
000019255,0$GVGNSP,000019255,46.201105,6.146746,0,0X03
#19255$GVGPSC,3,11.111111,231.000000,11
000019255,0$GVGNSC,000019255,11.111111,0,231.000000,0X05
#20261$GVGPSP,3,46.201043,6.146629,0
000020261,0$GVGNSP,000020261,46.201043,6.146629,0,0X03
#20261$GVGPSC,3,11.111111,231.000000,13
000020261,0$GVGNSC,000020261,11.111111,0,231.000000,0X05
#21266$GVGPSP,3,46.200968,6.146530,13
000021266,0$GVGNSP,000021266,46.200968,6.146530,0,0X03
#21266$GVGPSC,3,11.111111,217.000000,14
000021266,0$GVGNSC,000021266,11.111111,0,217.000000,0X05
#22271$GVGPSP,3,46.200893,6.146440,0
000022271,0$GVGNSP,000022271,46.200893,6.146440,0,0X03
#22271$GVGPSC,3,11.111111,218.000000,12
000022271,0$GVGNSC,000022271,11.111111,0,218.000000,0X05
#23275$GVGPSP,3,46.200806,6.146351,13
000023275,0$GVGNSP,000023275,46.200806,6.146351,0,0X03
#23275$GVGPSC,3,11.111111,217.000000,6
000023275,0$GVGNSC,000023275,11.111111,0,217.000000,0X05
#24285$GVGPSP,3,46.200725,6.146252,0
000024285,0$GVGNSP,000024285,46.200725,6.146252,0,0X03
#24285$GVGPSC,3,11.111111,290.000000,8
000024285,0$GVGNSC,000024285,11.111111,0,290.000000,0X05
#25288$GVGPSP,3,46.200756,6.146117,0
000025288,0$GVGNSP,000025288,46.200756,6.146117,0,0X03
#25288$GVGPSC,3,11.111111,290.000000,10
000025288,0$GVGNSC,000025288,11.111111,0,290.000000,0X05
#26290$GVGPSP,3,46.200794,6.145991,0
000026290,0$GVGNSP,000026290,46.200794,6.145991,0,0X03
#26290$GVGPSC,3,11.111111,291.000000,20
000026290,0$GVGNSC,000026290,11.111111,0,291.000000,0X05
#27291$GVGPSP,3,46.200825,6.145856,0
000027291,0$GVGNSP,000027291,46.200825,6.145856,0,0X03
#27291$GVGPSC,3,11.111111,290.000000,0
000027291,0$GVGNSC,000027291,11.111111,0,290.000000,0X05
#28293$GVGPSP,3,46.200862,6.145721,0
000028293,0$GVGNSP,000028293,46.200862,6.145721,0,0X03
#28293$GVGPSC,3,11.111111,291.000000,0
000028293,0$GVGNSC,000028293,11.111111,0,291.000000,0X05
#29310$GVGPSP,3,46.200893,6.145604,23
000029310,0$GVGNSP,000029310,46.200893,6.145604,0,0X03
#29310$GVGPSC,3,11.111111,290.000000,0
000029310,0$GVGNSC,000029310,11.111111,0,290.000000,0X05
#30322$GVGPSP,3,46.200925,6.145469,0
000030322,0$GVGNSP,000030322,46.200925,6.145469,0,0X03
#30322$GVGPSC,3,11.111111,289.000000,0
000030322,0$GVGNSC,000030322,11.111111,0,289.000000,0X05
#31324$GVGPSP,3,46.200962,6.145334,0
000031324,0$GVGNSP,000031324,46.200962,6.145334,0,0X03
#31324$GVGPSC,3,11.111111,290.000000,0
000031324,0$GVGNSC,000031324,11.111111,0,290.000000,0X05
#32331$GVGPSP,3,46.200993,6.145208,0
000032331,0$GVGNSP,000032331,46.200993,6.145208,0,0X03
#32331$GVGPSC,3,11.111111,295.000000,0
000032331,0$GVGNSC,000032331,11.111111,0,295.000000,0X05
#33344$GVGPSP,3,46.201037,6.145083,0
000033344,0$GVGNSP,000033344,46.201037,6.145083,0,0X03
#33344$GVGPSC,3,11.111111,295.000000,0
000033344,0$GVGNSC,000033344,11.111111,0,295.000000,0X05
#34357$GVGPSP,3,46.201080,6.144948,0
000034357,0$GVGNSP,000034357,46.201080,6.144948,0,0X03
#34357$GVGPSC,3,11.111111,299.000000,0
000034357,0$GVGNSC,000034357,11.111111,0,299.000000,0X05
#35361$GVGPSP,3,46.201124,6.144831,0
000035361,0$GVGNSP,000035361,46.201124,6.144831,0,0X03
#35361$GVGPSC,3,11.111111,299.000000,0
000035361,0$GVGNSC,000035361,11.111111,0,299.000000,0X05
#36364$GVGPSP,3,46.201173,6.144714,24
000036364,0$GVGNSP,000036364,46.201173,6.144714,0,0X03
#36364$GVGPSC,3,11.111111,300.000000,20
000036364,0$GVGNSC,000036364,11.111111,0,300.000000,0X05
#37366$GVGPSP,3,46.201223,6.144588,0
000037366,0$GVGNSP,000037366,46.201223,6.144588,0,0X03
#37366$GVGPSC,3,11.111111,299.000000,0
000037366,0$GVGNSC,000037366,11.111111,0,299.000000,0X05
#38373$GVGPSP,3,46.201267,6.144462,0
000038373,0$GVGNSP,000038373,46.201267,6.144462,0,0X03
#38373$GVGPSC,3,11.111111,300.000000,20
000038373,0$GVGNSC,000038373,11.111111,0,300.000000,0X05
#39376$GVGPSP,3,46.201317,6.144345,0
000039376,0$GVGNSP,000039376,46.201317,6.144345,0,0X03
#39376$GVGPSC,3,11.111111,301.000000,0
000039376,0$GVGNSC,000039376,11.111111,0,301.000000,0X05
#40379$GVGPSP,3,46.201366,6.144228,0
000040379,0$GVGNSP,000040379,46.201366,6.144228,0,0X03
#40379$GVGPSC,3,11.111111,300.000000,20
000040379,0$GVGNSC,000040379,11.111111,0,300.000000,0X05
#41385$GVGPSP,3,46.201416,6.144102,0
000041385,0$GVGNSP,000041385,46.201416,6.144102,0,0X03
#41385$GVGPSC,3,11.111111,300.000000,20
000041385,0$GVGNSC,000041385,11.111111,0,300.000000,0X05
#42387$GVGPSP,3,46.201454,6.143976,0
000042387,0$GVGNSP,000042387,46.201454,6.143976,0,0X03
#42387$GVGPSC,3,11.111111,279.000000,0
000042387,0$GVGNSC,000042387,11.111111,0,279.000000,0X05
#43389$GVGPSP,3,46.201466,6.143841,0
000043389,0$GVGNSP,000043389,46.201466,6.143841,0,0X03
#43389$GVGPSC,3,11.111111,272.000000,0
000043389,0$GVGNSC,000043389,11.111111,0,272.000000,0X05
#45391$GVGPSP,3,46.201466,6.143698,23
000045391,0$GVGNSP,000045391,46.201466,6.143698,0,0X03
#45391$GVGPSC,3,11.111111,273.000000,0
000045391,0$GVGNSC,000045391,11.111111,0,273.000000,0X05
#45391$GVGPSP,3,46.201460,6.143563,0
000045391,0$GVGNSP,000045391,46.201460,6.143563,0,0X03
#45391$GVGPSC,3,11.111111,254.000000,0
000045391,0$GVGNSC,000045391,11.111111,0,254.000000,0X05
#46393$GVGPSP,3,46.201435,6.143419,0
000046393,0$GVGNSP,000046393,46.201435,6.143419,0,0X03
#46393$GVGPSC,3,11.111111,254.000000,0
000046393,0$GVGNSC,000046393,11.111111,0,254.000000,0X05
#47398$GVGPSP,3,46.201366,6.143491,0
000047398,0$GVGNSP,000047398,46.201366,6.143491,0,0X03
#47398$GVGPSC,3,11.111111,123.000000,28
000047398,0$GVGNSC,000047398,11.111111,0,123.000000,0X05
#48401$GVGPSP,3,46.201323,6.143608,0
000048401,0$GVGNSP,000048401,46.201323,6.143608,0,0X03
#48401$GVGPSC,3,11.111111,112.000000,0
000048401,0$GVGNSC,000048401,11.111111,0,112.000000,0X05
#49404$GVGPSP,3,46.201292,6.143752,0
000049404,0$GVGNSP,000049404,46.201292,6.143752,0,0X03
#49404$GVGPSC,3,11.111111,102.000000,0
000049404,0$GVGNSC,000049404,11.111111,0,102.000000,0X05
#50427$GVGPSP,3,46.201292,6.143877,0
000050427,0$GVGNSP,000050427,46.201292,6.143877,0,0X03
#50427$GVGPSC,3,11.111111,55.000000,0
000050427,0$GVGNSC,000050427,11.111111,0,55.000000,0X05
#51450$GVGPSP,3,46.201292,6.144003,0
000051450,0$GVGNSP,000051450,46.201292,6.144003,0,0X03
#51450$GVGPSC,3,11.111111,118.000000,0
000051450,0$GVGNSC,000051450,11.111111,0,118.000000,0X05
#52475$GVGPSP,3,46.201242,6.144120,0
000052475,0$GVGNSP,000052475,46.201242,6.144120,0,0X03
#52475$GVGPSC,3,11.111111,119.000000,0
000052475,0$GVGNSC,000052475,11.111111,0,119.000000,0X05
#53491$GVGPSP,3,46.201192,6.144246,0
000053491,0$GVGNSP,000053491,46.201192,6.144246,0,0X03
#53491$GVGPSC,3,11.111111,119.000000,0
000053491,0$GVGNSC,000053491,11.111111,0,119.000000,0X05
#54501$GVGPSP,3,46.201149,6.144363,0
000054501,0$GVGNSP,000054501,46.201149,6.144363,0,0X03
#54501$GVGPSC,3,11.111111,119.000000,0
000054501,0$GVGNSC,000054501,11.111111,0,119.000000,0X05
#55505$GVGPSP,3,46.201105,6.144480,0
000055505,0$GVGNSP,000055505,46.201105,6.144480,0,0X03
#55505$GVGPSC,3,11.111111,123.000000,28
000055505,0$GVGNSC,000055505,11.111111,0,123.000000,0X05
#56507$GVGPSP,3,46.201055,6.144588,0
000056507,0$GVGNSP,000056507,46.201055,6.144588,0,0X03
#56507$GVGPSC,3,11.111111,124.000000,35
000056507,0$GVGNSC,000056507,11.111111,0,124.000000,0X05
#57509$GVGPSP,3,46.200999,6.144696,0
000057509,0$GVGNSP,000057509,46.200999,6.144696,0,0X03
#57509$GVGPSC,3,11.111111,124.000000,35
000057509,0$GVGNSC,000057509,11.111111,0,124.000000,0X05
#58515$GVGPSP,3,46.200949,6.144813,12
000058515,0$GVGNSP,000058515,46.200949,6.144813,0,0X03
#58515$GVGPSC,3,11.111111,124.000000,35
000058515,0$GVGNSC,000058515,11.111111,0,124.000000,0X05
#59519$GVGPSP,3,46.200893,6.144921,0
000059519,0$GVGNSP,000059519,46.200893,6.144921,0,0X03
#59519$GVGPSC,3,11.111111,124.000000,35
000059519,0$GVGNSC,000059519,11.111111,0,124.000000,0X05
#60549$GVGPSP,3,46.200844,6.145029,0
000060549,0$GVGNSP,000060549,46.200844,6.145029,0,0X03
#60549$GVGPSC,3,11.111111,124.000000,35
000060549,0$GVGNSC,000060549,11.111111,0,124.000000,0X05
#61552$GVGPSP,3,46.200788,6.145145,0
000061552,0$GVGNSP,000061552,46.200788,6.145145,0,0X03
#61552$GVGPSC,3,11.111111,124.000000,35
000061552,0$GVGNSC,000061552,11.111111,0,124.000000,0X05
#62561$GVGPSP,3,46.200738,6.145253,0
000062561,0$GVGNSP,000062561,46.200738,6.145253,0,0X03
#62561$GVGPSC,3,11.111111,124.000000,35
000062561,0$GVGNSC,000062561,11.111111,0,124.000000,0X05
#63564$GVGPSP,3,46.200688,6.145361,0
000063564,0$GVGNSP,000063564,46.200688,6.145361,0,0X03
#63564$GVGPSC,3,11.111111,124.000000,35
000063564,0$GVGNSC,000063564,11.111111,0,124.000000,0X05
#64567$GVGPSP,3,46.200638,6.145469,0
000064567,0$GVGNSP,000064567,46.200638,6.145469,0,0X03
#64567$GVGPSC,3,11.111111,124.000000,35
000064567,0$GVGNSC,000064567,11.111111,0,124.000000,0X05
#65572$GVGPSP,3,46.200582,6.145577,0
000065572,0$GVGNSP,000065572,46.200582,6.145577,0,0X03
#65572$GVGPSC,3,11.111111,124.000000,35
000065572,0$GVGNSC,000065572,11.111111,0,124.000000,0X05
#66585$GVGPSP,3,46.200526,6.145694,0
000066585,0$GVGNSP,000066585,46.200526,6.145694,0,0X03
#66585$GVGPSC,3,11.111111,124.000000,35
000066585,0$GVGNSC,000066585,11.111111,0,124.000000,0X05
#67595$GVGPSP,3,46.200476,6.145811,0
000067595,0$GVGNSP,000067595,46.200476,6.145811,0,0X03
#67595$GVGPSC,3,11.111111,124.000000,35
000067595,0$GVGNSC,000067595,11.111111,0,124.000000,0X05
#68620$GVGPSP,3,46.200427,6.145919,0
000068620,0$GVGNSP,000068620,46.200427,6.145919,0,0X03
#68620$GVGPSC,3,11.111111,124.000000,35
000068620,0$GVGNSC,000068620,11.111111,0,124.000000,0X05
#69622$GVGPSP,3,46.200371,6.146018,0
000069622,0$GVGNSP,000069622,46.200371,6.146018,0,0X03
#69622$GVGPSC,3,11.111111,124.000000,35
000069622,0$GVGNSC,000069622,11.111111,0,124.000000,0X05
#70623$GVGPSP,3,46.200321,6.146135,0
000070623,0$GVGNSP,000070623,46.200321,6.146135,0,0X03
#70623$GVGPSC,3,11.111111,124.000000,35
000070623,0$GVGNSC,000070623,11.111111,0,124.000000,0X05
#71630$GVGPSP,3,46.200265,6.146243,0
000071630,0$GVGNSP,000071630,46.200265,6.146243,0,0X03
#71630$GVGPSC,3,11.111111,124.000000,35
000071630,0$GVGNSC,000071630,11.111111,0,124.000000,0X05
#72633$GVGPSP,3,46.200215,6.146360,0
000072633,0$GVGNSP,000072633,46.200215,6.146360,0,0X03
#72633$GVGPSC,3,11.111111,124.000000,35
000072633,0$GVGNSC,000072633,11.111111,0,124.000000,0X05
#73641$GVGPSP,3,46.200159,6.146476,0
000073641,0$GVGNSP,000073641,46.200159,6.146476,0,0X03
#73641$GVGPSC,3,11.111111,124.000000,35
000073641,0$GVGNSC,000073641,11.111111,0,124.000000,0X05
#74646$GVGPSP,3,46.200103,6.146593,0
000074646,0$GVGNSP,000074646,46.200103,6.146593,0,0X03
#74646$GVGPSC,3,11.111111,124.000000,35
000074646,0$GVGNSC,000074646,11.111111,0,124.000000,0X05
#75651$GVGPSP,3,46.200047,6.146701,0
000075651,0$GVGNSP,000075651,46.200047,6.146701,0,0X03
#75651$GVGPSC,3,11.111111,124.000000,35
000075651,0$GVGNSC,000075651,11.111111,0,124.000000,0X05
#76670$GVGPSP,3,46.199997,6.146809,0
000076670,0$GVGNSP,000076670,46.199997,6.146809,0,0X03
#76670$GVGPSC,3,11.111111,124.000000,35
000076670,0$GVGNSC,000076670,11.111111,0,124.000000,0X05
#77674$GVGPSP,3,46.199947,6.146917,0
000077674,0$GVGNSP,000077674,46.199947,6.146917,0,0X03
#77674$GVGPSC,3,11.111111,124.000000,35
000077674,0$GVGNSC,000077674,11.111111,0,124.000000,0X05
#78680$GVGPSP,3,46.199885,6.147043,0
000078680,0$GVGNSP,000078680,46.199885,6.147043,0,0X03
#78680$GVGPSC,3,11.111111,129.000000,23
000078680,0$GVGNSC,000078680,11.111111,0,129.000000,0X05
#79684$GVGPSP,3,46.199823,6.147151,0
000079684,0$GVGNSP,000079684,46.199823,6.147151,0,0X03
#79684$GVGPSC,3,11.111111,126.000000,22
000079684,0$GVGNSC,000079684,11.111111,0,126.000000,0X05
#80691$GVGPSP,3,46.199742,6.147250,0
000080691,0$GVGNSP,000080691,46.199742,6.147250,0,0X03
#80691$GVGPSC,3,11.111111,151.000000,15
000080691,0$GVGNSC,000080691,11.111111,0,151.000000,0X05
#81701$GVGPSP,3,46.199648,6.147322,0
000081701,0$GVGNSP,000081701,46.199648,6.147322,0,0X03
#81701$GVGPSC,3,11.111111,163.000000,15
000081701,0$GVGNSC,000081701,11.111111,0,163.000000,0X05
#82702$GVGPSP,3,46.199543,6.147358,0
000082702,0$GVGNSP,000082702,46.199543,6.147358,0,0X03
#82702$GVGPSC,3,11.111111,165.000000,23
000082702,0$GVGNSC,000082702,11.111111,0,165.000000,0X05
#83707$GVGPSP,3,46.199443,6.147403,0
000083707,0$GVGNSP,000083707,46.199443,6.147403,0,0X03
#83707$GVGPSC,3,11.111111,163.000000,24
000083707,0$GVGNSC,000083707,11.111111,0,163.000000,0X05
#84708$GVGPSP,3,46.199350,6.147457,0
000084708,0$GVGNSP,000084708,46.199350,6.147457,0,0X03
#84708$GVGPSC,3,11.111111,157.000000,25
000084708,0$GVGNSC,000084708,11.111111,0,157.000000,0X05
#85710$GVGPSP,3,46.199250,6.147520,0
000085710,0$GVGNSP,000085710,46.199250,6.147520,0,0X03
#85710$GVGPSC,3,11.111111,158.000000,26
000085710,0$GVGNSC,000085710,11.111111,0,158.000000,0X05
#86720$GVGPSP,3,46.199150,6.147583,0
000086720,0$GVGNSP,000086720,46.199150,6.147583,0,0X03
#86720$GVGPSC,3,11.111111,155.000000,26
000086720,0$GVGNSC,000086720,11.111111,0,155.000000,0X05
#87722$GVGPSP,3,46.199051,6.147646,0
000087722,0$GVGNSP,000087722,46.199051,6.147646,0,0X03
#87722$GVGPSC,3,11.111111,155.000000,27
000087722,0$GVGNSC,000087722,11.111111,0,155.000000,0X05
#88727$GVGPSP,3,46.198951,6.147718,0
000088727,0$GVGNSP,000088727,46.198951,6.147718,0,0X03
#88727$GVGPSC,3,11.111111,150.000000,29
000088727,0$GVGNSC,000088727,11.111111,0,150.000000,0X05
#89732$GVGPSP,3,46.198864,6.147780,0
000089732,0$GVGNSP,000089732,46.198864,6.147780,0,0X03
#89732$GVGPSC,3,11.111111,158.000000,25
000089732,0$GVGNSC,000089732,11.111111,0,158.000000,0X05
#90734$GVGPSP,3,46.198783,6.147861,0
000090734,0$GVGNSP,000090734,46.198783,6.147861,0,0X03
#90734$GVGPSC,3,11.111111,140.000000,18
000090734,0$GVGNSC,000090734,11.111111,0,140.000000,0X05
#91735$GVGPSP,3,46.198709,6.147969,0
000091735,0$GVGNSP,000091735,46.198709,6.147969,0,0X03
#91735$GVGPSC,3,11.111111,131.000000,12
000091735,0$GVGNSC,000091735,11.111111,0,131.000000,0X05
#92740$GVGPSP,3,46.198640,6.148068,0
000092740,0$GVGNSP,000092740,46.198640,6.148068,0,0X03
#92740$GVGPSC,3,11.111111,131.000000,13
000092740,0$GVGNSC,000092740,11.111111,0,131.000000,0X05
#93745$GVGPSP,3,46.198578,6.148176,0
000093745,0$GVGNSP,000093745,46.198578,6.148176,0,0X03
#93745$GVGPSC,3,11.111111,129.000000,0
000093745,0$GVGNSC,000093745,11.111111,0,129.000000,0X05
#94748$GVGPSP,3,46.198516,6.148284,0
000094748,0$GVGNSP,000094748,46.198516,6.148284,0,0X03
#94748$GVGPSC,3,11.111111,130.000000,0
000094748,0$GVGNSC,000094748,11.111111,0,130.000000,0X05
#95753$GVGPSP,3,46.198453,6.148392,0
000095753,0$GVGNSP,000095753,46.198453,6.148392,0,0X03
#95753$GVGPSC,3,11.111111,130.000000,0
000095753,0$GVGNSC,000095753,11.111111,0,130.000000,0X05
#96755$GVGPSP,3,46.198441,6.148536,0
000096755,0$GVGNSP,000096755,46.198441,6.148536,0,0X03
#96755$GVGPSC,3,11.111111,89.000000,0
000096755,0$GVGNSC,000096755,11.111111,0,89.000000,0X05
#97761$GVGPSP,3,46.198441,6.148680,0
000097761,0$GVGNSP,000097761,46.198441,6.148680,0,0X03
#97761$GVGPSC,3,11.111111,89.000000,0
000097761,0$GVGNSC,000097761,11.111111,0,89.000000,0X05
#98767$GVGPSP,3,46.198447,6.148806,0
000098767,0$GVGNSP,000098767,46.198447,6.148806,0,0X03
#98767$GVGPSC,3,11.111111,83.000000,0
000098767,0$GVGNSC,000098767,11.111111,0,83.000000,0X05
#99777$GVGPSP,3,46.198453,6.148923,0
000099777,0$GVGNSP,000099777,46.198453,6.148923,0,0X03
#99777$GVGPSC,3,11.111111,83.000000,0
000099777,0$GVGNSC,000099777,11.111111,0,83.000000,0X05
#100794$GVGPSP,3,46.198466,6.149049,0
000100794,0$GVGNSP,000100794,46.198466,6.149049,0,0X03
#100794$GVGPSC,3,11.111111,83.000000,0
000100794,0$GVGNSC,000100794,11.111111,0,83.000000,0X05
#101800$GVGPSP,3,46.198472,6.149183,0
000101800,0$GVGNSP,000101800,46.198472,6.149183,0,0X03
#101800$GVGPSC,3,11.111111,83.000000,0
000101800,0$GVGNSC,000101800,11.111111,0,83.000000,0X05
#102802$GVGPSP,3,46.198484,6.149309,0
000102802,0$GVGNSP,000102802,46.198484,6.149309,0,0X03
#102802$GVGPSC,3,11.111111,81.000000,0
000102802,0$GVGNSC,000102802,11.111111,0,81.000000,0X05
#103804$GVGPSP,3,46.198497,6.149444,0
000103804,0$GVGNSP,000103804,46.198497,6.149444,0,0X03
#103804$GVGPSC,3,11.111111,82.000000,0
000103804,0$GVGNSC,000103804,11.111111,0,82.000000,0X05
#104807$GVGPSP,3,46.198516,6.149588,0
000104807,0$GVGNSP,000104807,46.198516,6.149588,0,0X03
#104807$GVGPSC,3,11.111111,44.000000,28
000104807,0$GVGNSC,000104807,11.111111,0,44.000000,0X05
#105811$GVGPSP,3,46.198584,6.149687,0
000105811,0$GVGNSP,000105811,46.198584,6.149687,0,0X03
#105811$GVGPSC,3,11.111111,44.000000,28
000105811,0$GVGNSC,000105811,11.111111,0,44.000000,0X05
#106817$GVGPSP,3,46.198653,6.149786,0
000106817,0$GVGNSP,000106817,46.198653,6.149786,0,0X03
#106817$GVGPSC,3,11.111111,44.000000,28
000106817,0$GVGNSC,000106817,11.111111,0,44.000000,0X05
#107819$GVGPSP,3,46.198721,6.149885,0
000107819,0$GVGNSP,000107819,46.198721,6.149885,0,0X03
#107819$GVGPSC,3,11.111111,44.000000,28
000107819,0$GVGNSC,000107819,11.111111,0,44.000000,0X05
#108825$GVGPSP,3,46.198789,6.149984,0
000108825,0$GVGNSP,000108825,46.198789,6.149984,0,0X03
#108825$GVGPSC,3,11.111111,44.000000,28
000108825,0$GVGNSC,000108825,11.111111,0,44.000000,0X05
#109829$GVGPSP,3,46.198864,6.150083,0
000109829,0$GVGNSP,000109829,46.198864,6.150083,0,0X03
#109829$GVGPSC,3,11.111111,44.000000,28
000109829,0$GVGNSC,000109829,11.111111,0,44.000000,0X05
#110835$GVGPSP,3,46.198933,6.150182,0
000110835,0$GVGNSP,000110835,46.198933,6.150182,0,0X03
#110835$GVGPSC,3,11.111111,44.000000,28
000110835,0$GVGNSC,000110835,11.111111,0,44.000000,0X05
#111842$GVGPSP,3,46.199007,6.150290,0
000111842,0$GVGNSP,000111842,46.199007,6.150290,0,0X03
#111842$GVGPSC,3,11.111111,44.000000,28
000111842,0$GVGNSC,000111842,11.111111,0,44.000000,0X05
#112844$GVGPSP,3,46.199070,6.150380,0
000112844,0$GVGNSP,000112844,46.199070,6.150380,0,0X03
#112844$GVGPSC,3,11.111111,44.000000,28
000112844,0$GVGNSC,000112844,11.111111,0,44.000000,0X05
#113847$GVGPSP,3,46.199138,6.150478,0
000113847,0$GVGNSP,000113847,46.199138,6.150478,0,0X03
#113847$GVGPSC,3,11.111111,44.000000,28
000113847,0$GVGNSC,000113847,11.111111,0,44.000000,0X05
#114853$GVGPSP,3,46.199213,6.150577,0
000114853,0$GVGNSP,000114853,46.199213,6.150577,0,0X03
#114853$GVGPSC,3,11.111111,44.000000,28
000114853,0$GVGNSC,000114853,11.111111,0,44.000000,0X05
#115868$GVGPSP,3,46.199281,6.150685,0
000115868,0$GVGNSP,000115868,46.199281,6.150685,0,0X03
#115868$GVGPSC,3,11.111111,44.000000,28
000115868,0$GVGNSC,000115868,11.111111,0,44.000000,0X05
#116887$GVGPSP,3,46.199356,6.150784,0
000116887,0$GVGNSP,000116887,46.199356,6.150784,0,0X03
#116887$GVGPSC,3,11.111111,43.000000,0
000116887,0$GVGNSC,000116887,11.111111,0,43.000000,0X05
#116908$GVGPSP,3,46.199424,6.150874,0
000116908,0$GVGNSP,000116908,46.199424,6.150874,0,0X03
#116908$GVGPSC,3,11.111111,44.000000,28
000116908,0$GVGNSC,000116908,11.111111,0,44.000000,0X05
#117916$GVGPSP,3,46.199493,6.150982,0
000117916,0$GVGNSP,000117916,46.199493,6.150982,0,0X03
#117916$GVGPSC,3,11.111111,44.000000,28
000117916,0$GVGNSC,000117916,11.111111,0,44.000000,0X05
#118919$GVGPSP,3,46.199561,6.151081,0
000118919,0$GVGNSP,000118919,46.199561,6.151081,0,0X03
#118919$GVGPSC,3,11.111111,42.000000,0
000118919,0$GVGNSC,000118919,11.111111,0,42.000000,0X05
#119923$GVGPSP,3,46.199636,6.151180,0
000119923,0$GVGNSP,000119923,46.199636,6.151180,0,0X03
#119923$GVGPSC,3,11.111111,46.000000,0
000119923,0$GVGNSC,000119923,11.111111,0,46.000000,0X05
#120933$GVGPSP,3,46.199711,6.151288,0
000120933,0$GVGNSP,000120933,46.199711,6.151288,0,0X03
#120933$GVGPSC,3,11.111111,41.000000,0
000120933,0$GVGNSC,000120933,11.111111,0,41.000000,0X05
#121946$GVGPSP,3,46.199785,6.151387,0
000121946,0$GVGNSP,000121946,46.199785,6.151387,0,0X03
#121946$GVGPSC,3,11.111111,42.000000,0
000121946,0$GVGNSC,000121946,11.111111,0,42.000000,0X05
#122949$GVGPSP,3,46.199860,6.151495,0
000122949,0$GVGNSP,000122949,46.199860,6.151495,0,0X03
#122949$GVGPSC,3,11.111111,46.000000,0
000122949,0$GVGNSC,000122949,11.111111,0,46.000000,0X05
#123968$GVGPSP,3,46.199929,6.151603,0
000123968,0$GVGNSP,000123968,46.199929,6.151603,0,0X03
#123968$GVGPSC,3,11.111111,46.000000,0
000123968,0$GVGNSC,000123968,11.111111,0,46.000000,0X05
#124975$GVGPSP,3,46.199997,6.151702,0
000124975,0$GVGNSP,000124975,46.199997,6.151702,0,0X03
#124975$GVGPSC,3,11.111111,45.000000,0
000124975,0$GVGNSC,000124975,11.111111,0,45.000000,0X05
#125988$GVGPSP,3,46.200066,6.151800,0
000125988,0$GVGNSP,000125988,46.200066,6.151800,0,0X03
#125988$GVGPSC,3,11.111111,46.000000,0
000125988,0$GVGNSC,000125988,11.111111,0,46.000000,0X05
#126998$GVGPSP,3,46.200134,6.151908,0
000126998,0$GVGNSP,000126998,46.200134,6.151908,0,0X03
#126998$GVGPSC,3,11.111111,44.000000,28
000126998,0$GVGNSC,000126998,11.111111,0,44.000000,0X05
#128001$GVGPSP,3,46.200202,6.152016,0
000128001,0$GVGNSP,000128001,46.200202,6.152016,0,0X03
#128001$GVGPSC,3,11.111111,45.000000,0
000128001,0$GVGNSC,000128001,11.111111,0,45.000000,0X05
#129008$GVGPSP,3,46.200271,6.152106,0
000129008,0$GVGNSP,000129008,46.200271,6.152106,0,0X03
#129008$GVGPSC,3,11.111111,44.000000,28
000129008,0$GVGNSC,000129008,11.111111,0,44.000000,0X05
#130032$GVGPSP,3,46.200339,6.152214,0
000130032,0$GVGNSP,000130032,46.200339,6.152214,0,0X03
#130032$GVGPSC,3,11.111111,45.000000,0
000130032,0$GVGNSC,000130032,11.111111,0,45.000000,0X05
#131037$GVGPSP,3,46.200408,6.152313,0
000131037,0$GVGNSP,000131037,46.200408,6.152313,0,0X03
#131037$GVGPSC,3,11.111111,44.000000,28
000131037,0$GVGNSC,000131037,11.111111,0,44.000000,0X05
#132043$GVGPSP,3,46.200483,6.152412,0
000132043,0$GVGNSP,000132043,46.200483,6.152412,0,0X03
#132043$GVGPSC,3,11.111111,44.000000,28
000132043,0$GVGNSC,000132043,11.111111,0,44.000000,0X05
#134059$GVGPSP,3,46.200551,6.152520,0
000134059,0$GVGNSP,000134059,46.200551,6.152520,0,0X03
#134059$GVGPSC,3,11.111111,44.000000,28
000134059,0$GVGNSC,000134059,11.111111,0,44.000000,0X05
#134078$GVGPSP,3,46.200620,6.152619,0
000134078,0$GVGNSP,000134078,46.200620,6.152619,0,0X03
#134078$GVGPSC,3,11.111111,44.000000,28
000134078,0$GVGNSC,000134078,11.111111,0,44.000000,0X05
#135085$GVGPSP,3,46.200694,6.152727,0
000135085,0$GVGNSP,000135085,46.200694,6.152727,0,0X03
#135085$GVGPSC,3,11.111111,44.000000,28
000135085,0$GVGNSC,000135085,11.111111,0,44.000000,0X05
#136088$GVGPSP,3,46.200763,6.152817,0
000136088,0$GVGNSP,000136088,46.200763,6.152817,0,0X03
#136088$GVGPSC,3,11.111111,44.000000,28
000136088,0$GVGNSC,000136088,11.111111,0,44.000000,0X05
#137093$GVGPSP,3,46.200831,6.152925,0
000137093,0$GVGNSP,000137093,46.200831,6.152925,0,0X03
#137093$GVGPSC,3,11.111111,44.000000,28
000137093,0$GVGNSC,000137093,11.111111,0,44.000000,0X05
#139100$GVGPSP,3,46.200900,6.153015,0
000139100,0$GVGNSP,000139100,46.200900,6.153015,0,0X03
#139100$GVGPSC,3,11.111111,50.000000,0
000139100,0$GVGNSC,000139100,11.111111,0,50.000000,0X05
#139119$GVGPSP,3,46.200962,6.153122,0
000139119,0$GVGNSP,000139119,46.200962,6.153122,0,0X03
#139119$GVGPSC,3,11.111111,50.000000,0
000139119,0$GVGNSC,000139119,11.111111,0,50.000000,0X05
#140148$GVGPSP,3,46.201024,6.153230,0
000140148,0$GVGNSP,000140148,46.201024,6.153230,0,0X03
#140148$GVGPSC,3,11.111111,15.000000,0
000140148,0$GVGNSC,000140148,11.111111,0,15.000000,0X05
#141152$GVGPSP,3,46.201117,6.153266,0
000141152,0$GVGNSP,000141152,46.201117,6.153266,0,0X03
#141152$GVGPSC,3,11.111111,14.000000,0
000141152,0$GVGNSC,000141152,11.111111,0,14.000000,0X05
#142156$GVGPSP,3,46.201211,6.153302,0
000142156,0$GVGNSP,000142156,46.201211,6.153302,0,0X03
#142156$GVGPSC,3,11.111111,12.000000,0
000142156,0$GVGNSC,000142156,11.111111,0,12.000000,0X05
#143160$GVGPSP,3,46.201304,6.153329,0
000143160,0$GVGNSP,000143160,46.201304,6.153329,0,0X03
#143160$GVGPSC,3,11.111111,14.000000,0
000143160,0$GVGNSC,000143160,11.111111,0,14.000000,0X05
#144169$GVGPSP,3,46.201379,6.153401,0
000144169,0$GVGNSP,000144169,46.201379,6.153401,0,0X03
#144169$GVGPSC,3,11.111111,98.000000,0
000144169,0$GVGNSC,000144169,11.111111,0,98.000000,0X05
#145174$GVGPSP,3,46.201391,6.153536,0
000145174,0$GVGNSP,000145174,46.201391,6.153536,0,0X03
#145174$GVGPSC,3,11.111111,74.000000,0
000145174,0$GVGNSC,000145174,11.111111,0,74.000000,0X05
#146183$GVGPSP,3,46.201441,6.153653,0
000146183,0$GVGNSP,000146183,46.201441,6.153653,0,0X03
#146183$GVGPSC,3,11.111111,40.000000,18
000146183,0$GVGNSC,000146183,11.111111,0,40.000000,0X05
#147185$GVGPSP,3,46.201516,6.153743,0
000147185,0$GVGNSP,000147185,46.201516,6.153743,0,0X03
#147185$GVGPSC,3,11.111111,23.000000,0
000147185,0$GVGNSC,000147185,11.111111,0,23.000000,0X05
#148187$GVGPSP,3,46.201591,6.153779,0
000148187,0$GVGNSP,000148187,46.201591,6.153779,0,0X03
#148187$GVGPSC,3,11.111111,7.000000,0
000148187,0$GVGNSC,000148187,11.111111,0,7.000000,0X05
#149191$GVGPSP,3,46.201696,6.153779,0
000149191,0$GVGNSP,000149191,46.201696,6.153779,0,0X03
#149191$GVGPSC,3,11.111111,344.000000,28
000149191,0$GVGNSC,000149191,11.111111,0,344.000000,0X05
#150197$GVGPSP,3,46.201796,6.153707,0
000150197,0$GVGNSP,000150197,46.201796,6.153707,0,0X03
#150197$GVGPSC,3,11.111111,324.000000,0
000150197,0$GVGNSC,000150197,11.111111,0,324.000000,0X05
#151200$GVGPSP,3,46.201871,6.153653,0
000151200,0$GVGNSP,000151200,46.201871,6.153653,0,0X03
#151200$GVGPSC,3,11.111111,16.000000,0
000151200,0$GVGNSC,000151200,11.111111,0,16.000000,0X05
#152204$GVGPSP,3,46.201958,6.153689,0
000152204,0$GVGNSP,000152204,46.201958,6.153689,0,0X03
#152204$GVGPSC,3,11.111111,16.000000,0
000152204,0$GVGNSC,000152204,11.111111,0,16.000000,0X05
#153215$GVGPSP,3,46.202039,6.153725,0
000153215,0$GVGNSP,000153215,46.202039,6.153725,0,0X03
#153215$GVGPSC,3,11.111111,16.000000,0
000153215,0$GVGNSC,000153215,11.111111,0,16.000000,0X05
#154218$GVGPSP,3,46.202126,6.153761,0
000154218,0$GVGNSP,000154218,46.202126,6.153761,0,0X03
#154218$GVGPSC,3,11.111111,16.000000,0
000154218,0$GVGNSC,000154218,11.111111,0,16.000000,0X05
#155223$GVGPSP,3,46.202213,6.153797,0
000155223,0$GVGNSP,000155223,46.202213,6.153797,0,0X03
#155223$GVGPSC,3,11.111111,16.000000,0
000155223,0$GVGNSC,000155223,11.111111,0,16.000000,0X05
#156228$GVGPSP,3,46.202300,6.153833,0
000156228,0$GVGNSP,000156228,46.202300,6.153833,0,0X03
#156228$GVGPSC,3,11.111111,16.000000,0
000156228,0$GVGNSC,000156228,11.111111,0,16.000000,0X05
#157235$GVGPSP,3,46.202387,6.153869,0
000157235,0$GVGNSP,000157235,46.202387,6.153869,0,0X03
#157235$GVGPSC,3,11.111111,16.000000,0
000157235,0$GVGNSC,000157235,11.111111,0,16.000000,0X05
#158242$GVGPSP,3,46.202468,6.153905,0
000158242,0$GVGNSP,000158242,46.202468,6.153905,0,0X03
#158242$GVGPSC,3,11.111111,16.000000,0
000158242,0$GVGNSC,000158242,11.111111,0,16.000000,0X05
#159246$GVGPSP,3,46.202549,6.153941,0
000159246,0$GVGNSP,000159246,46.202549,6.153941,0,0X03
#159246$GVGPSC,3,11.111111,16.000000,0
000159246,0$GVGNSC,000159246,11.111111,0,16.000000,0X05
#160251$GVGPSP,3,46.202636,6.153977,0
000160251,0$GVGNSP,000160251,46.202636,6.153977,0,0X03
#160251$GVGPSC,3,11.111111,16.000000,0
000160251,0$GVGNSC,000160251,11.111111,0,16.000000,0X05
#161258$GVGPSP,3,46.202723,6.154013,0
000161258,0$GVGNSP,000161258,46.202723,6.154013,0,0X03
#161258$GVGPSC,3,11.111111,16.000000,0
000161258,0$GVGNSC,000161258,11.111111,0,16.000000,0X05
#162264$GVGPSP,3,46.202817,6.154049,0
000162264,0$GVGNSP,000162264,46.202817,6.154049,0,0X03
#162264$GVGPSC,3,11.111111,15.000000,0
000162264,0$GVGNSC,000162264,11.111111,0,15.000000,0X05
#163267$GVGPSP,3,46.202910,6.154085,0
000163267,0$GVGNSP,000163267,46.202910,6.154085,0,0X03
#163267$GVGPSC,3,11.111111,15.000000,0
000163267,0$GVGNSC,000163267,11.111111,0,15.000000,0X05
#164270$GVGPSP,3,46.202997,6.154121,0
000164270,0$GVGNSP,000164270,46.202997,6.154121,0,0X03
#164270$GVGPSC,3,11.111111,16.000000,0
000164270,0$GVGNSC,000164270,11.111111,0,16.000000,0X05
#165301$GVGPSP,3,46.203084,6.154157,0
000165301,0$GVGNSP,000165301,46.203084,6.154157,0,0X03
#165301$GVGPSC,3,11.111111,15.000000,0
000165301,0$GVGNSC,000165301,11.111111,0,15.000000,0X05
#166315$GVGPSP,3,46.203171,6.154193,0
000166315,0$GVGNSP,000166315,46.203171,6.154193,0,0X03
#166315$GVGPSC,3,11.111111,17.000000,0
000166315,0$GVGNSC,000166315,11.111111,0,17.000000,0X05
#167318$GVGPSP,3,46.203259,6.154229,0
000167318,0$GVGNSP,000167318,46.203259,6.154229,0,0X03
#167318$GVGPSC,3,11.111111,18.000000,0
000167318,0$GVGNSC,000167318,11.111111,0,18.000000,0X05
#168325$GVGPSP,3,46.203346,6.154274,0
000168325,0$GVGNSP,000168325,46.203346,6.154274,0,0X03
#168325$GVGPSC,3,11.111111,15.000000,0
000168325,0$GVGNSC,000168325,11.111111,0,15.000000,0X05
#169334$GVGPSP,3,46.203433,6.154310,0
000169334,0$GVGNSP,000169334,46.203433,6.154310,0,0X03
#169334$GVGPSC,3,11.111111,15.000000,0
000169334,0$GVGNSC,000169334,11.111111,0,15.000000,0X05
#170339$GVGPSP,3,46.203514,6.154337,0
000170339,0$GVGNSP,000170339,46.203514,6.154337,0,0X03
#170339$GVGPSC,3,11.111111,15.000000,0
000170339,0$GVGNSC,000170339,11.111111,0,15.000000,0X05
#171346$GVGPSP,3,46.203601,6.154373,0
000171346,0$GVGNSP,000171346,46.203601,6.154373,0,0X03
#171346$GVGPSC,3,11.111111,16.000000,0
000171346,0$GVGNSC,000171346,11.111111,0,16.000000,0X05
#172353$GVGPSP,3,46.203688,6.154408,0
000172353,0$GVGNSP,000172353,46.203688,6.154408,0,0X03
#172353$GVGPSC,3,11.111111,16.000000,0
000172353,0$GVGNSC,000172353,11.111111,0,16.000000,0X05
#173363$GVGPSP,3,46.203775,6.154444,0
000173363,0$GVGNSP,000173363,46.203775,6.154444,0,0X03
#173363$GVGPSC,3,11.111111,16.000000,0
000173363,0$GVGNSC,000173363,11.111111,0,16.000000,0X05
#174366$GVGPSP,3,46.203856,6.154480,0
000174366,0$GVGNSP,000174366,46.203856,6.154480,0,0X03
#174366$GVGPSC,3,11.111111,16.000000,0
000174366,0$GVGNSC,000174366,11.111111,0,16.000000,0X05
#175378$GVGPSP,3,46.203956,6.154525,0
000175378,0$GVGNSP,000175378,46.203956,6.154525,0,0X03
#175378$GVGPSC,3,11.111111,17.000000,0
000175378,0$GVGNSC,000175378,11.111111,0,17.000000,0X05
#176397$GVGPSP,3,46.204024,6.154606,0
000176397,0$GVGNSP,000176397,46.204024,6.154606,0,0X03
#176397$GVGPSC,3,11.111111,55.000000,0
000176397,0$GVGNSC,000176397,11.111111,0,55.000000,0X05
#177400$GVGPSP,3,46.204074,6.154705,0
000177400,0$GVGNSP,000177400,46.204074,6.154705,0,0X03
#177400$GVGPSC,3,11.111111,53.000000,0
000177400,0$GVGNSC,000177400,11.111111,0,53.000000,0X05
#178404$GVGPSP,3,46.204130,6.154822,0
000178404,0$GVGNSP,000178404,46.204130,6.154822,0,0X03
#178404$GVGPSC,3,11.111111,54.000000,0
000178404,0$GVGNSC,000178404,11.111111,0,54.000000,0X05
#179406$GVGPSP,3,46.204180,6.154921,0
000179406,0$GVGNSP,000179406,46.204180,6.154921,0,0X03
#179406$GVGPSC,3,11.111111,53.000000,0
000179406,0$GVGNSC,000179406,11.111111,0,53.000000,0X05
#180413$GVGPSP,3,46.204236,6.155029,0
000180413,0$GVGNSP,000180413,46.204236,6.155029,0,0X03
#180413$GVGPSC,3,11.111111,54.000000,0
000180413,0$GVGNSC,000180413,11.111111,0,54.000000,0X05
#181424$GVGPSP,3,46.204286,6.155128,0
000181424,0$GVGNSP,000181424,46.204286,6.155128,0,0X03
#181424$GVGPSC,3,11.111111,54.000000,0
000181424,0$GVGNSC,000181424,11.111111,0,54.000000,0X05
#182432$GVGPSP,3,46.204342,6.155236,0
000182432,0$GVGNSP,000182432,46.204342,6.155236,0,0X03
#182432$GVGPSC,3,11.111111,54.000000,0
000182432,0$GVGNSC,000182432,11.111111,0,54.000000,0X05
#183440$GVGPSP,3,46.204391,6.155344,0
000183440,0$GVGNSP,000183440,46.204391,6.155344,0,0X03
#183440$GVGPSC,3,11.111111,55.000000,0
000183440,0$GVGNSC,000183440,11.111111,0,55.000000,0X05
#184454$GVGPSP,3,46.204447,6.155452,0
000184454,0$GVGNSP,000184454,46.204447,6.155452,0,0X03
#184454$GVGPSC,3,11.111111,55.000000,0
000184454,0$GVGNSC,000184454,11.111111,0,55.000000,0X05
#185474$GVGPSP,3,46.204491,6.155551,0
000185474,0$GVGNSP,000185474,46.204491,6.155551,0,0X03
#185474$GVGPSC,3,11.111111,56.000000,12
000185474,0$GVGNSC,000185474,11.111111,0,56.000000,0X05
#186486$GVGPSP,3,46.204541,6.155668,0
000186486,0$GVGNSP,000186486,46.204541,6.155668,0,0X03
#186486$GVGPSC,3,11.111111,55.000000,0
000186486,0$GVGNSC,000186486,11.111111,0,55.000000,0X05
#187506$GVGPSP,3,46.204597,6.155766,0
000187506,0$GVGNSP,000187506,46.204597,6.155766,0,0X03
#187506$GVGPSC,3,11.111111,53.000000,0
000187506,0$GVGNSC,000187506,11.111111,0,53.000000,0X05
#188517$GVGPSP,3,46.204640,6.155874,0
000188517,0$GVGNSP,000188517,46.204640,6.155874,0,0X03
#188517$GVGPSC,3,11.111111,55.000000,0
000188517,0$GVGNSC,000188517,11.111111,0,55.000000,0X05
#189525$GVGPSP,3,46.204690,6.155973,0
000189525,0$GVGNSP,000189525,46.204690,6.155973,0,0X03
#189525$GVGPSC,3,11.111111,54.000000,0
000189525,0$GVGNSC,000189525,11.111111,0,54.000000,0X05
#190528$GVGPSP,3,46.204746,6.156081,0
000190528,0$GVGNSP,000190528,46.204746,6.156081,0,0X03
#190528$GVGPSC,3,11.111111,54.000000,0
000190528,0$GVGNSC,000190528,11.111111,0,54.000000,0X05
#191531$GVGPSP,3,46.204796,6.156198,0
000191531,0$GVGNSP,000191531,46.204796,6.156198,0,0X03
#191531$GVGPSC,3,11.111111,55.000000,0
000191531,0$GVGNSC,000191531,11.111111,0,55.000000,0X05
#192537$GVGPSP,3,46.204852,6.156297,0
000192537,0$GVGNSP,000192537,46.204852,6.156297,0,0X03
#192537$GVGPSC,3,11.111111,54.000000,0
000192537,0$GVGNSC,000192537,11.111111,0,54.000000,0X05
#193538$GVGPSP,3,46.204902,6.156405,0
000193538,0$GVGNSP,000193538,46.204902,6.156405,0,0X03
#193538$GVGPSC,3,11.111111,55.000000,0
000193538,0$GVGNSC,000193538,11.111111,0,55.000000,0X05
#194545$GVGPSP,3,46.204952,6.156504,0
000194545,0$GVGNSP,000194545,46.204952,6.156504,0,0X03
#194545$GVGPSC,3,11.111111,55.000000,0
000194545,0$GVGNSC,000194545,11.111111,0,55.000000,0X05
#195552$GVGPSP,3,46.205001,6.156621,0
000195552,0$GVGNSP,000195552,46.205001,6.156621,0,0X03
#195552$GVGPSC,3,11.111111,56.000000,12
000195552,0$GVGNSC,000195552,11.111111,0,56.000000,0X05
#196564$GVGPSP,3,46.205051,6.156729,0
000196564,0$GVGNSP,000196564,46.205051,6.156729,0,0X03
#196564$GVGPSC,3,11.111111,55.000000,0
000196564,0$GVGNSC,000196564,11.111111,0,55.000000,0X05
#197578$GVGPSP,3,46.205101,6.156828,0
000197578,0$GVGNSP,000197578,46.205101,6.156828,0,0X03
#197578$GVGPSC,3,11.111111,55.000000,0
000197578,0$GVGNSC,000197578,11.111111,0,55.000000,0X05
#198590$GVGPSP,3,46.205157,6.156936,0
000198590,0$GVGNSP,000198590,46.205157,6.156936,0,0X03
#198590$GVGPSC,3,11.111111,55.000000,0
000198590,0$GVGNSC,000198590,11.111111,0,55.000000,0X05
#199600$GVGPSP,3,46.205201,6.157043,0
000199600,0$GVGNSP,000199600,46.205201,6.157043,0,0X03
#199600$GVGPSC,3,11.111111,55.000000,0
000199600,0$GVGNSC,000199600,11.111111,0,55.000000,0X05
#200605$GVGPSP,3,46.205257,6.157142,0
000200605,0$GVGNSP,000200605,46.205257,6.157142,0,0X03
#200605$GVGPSC,3,11.111111,55.000000,0
000200605,0$GVGNSC,000200605,11.111111,0,55.000000,0X05
#201609$GVGPSP,3,46.205300,6.157250,0
000201609,0$GVGNSP,000201609,46.205300,6.157250,0,0X03
#201609$GVGPSC,3,11.111111,56.000000,12
000201609,0$GVGNSC,000201609,11.111111,0,56.000000,0X05
#202620$GVGPSP,3,46.205356,6.157358,0
000202620,0$GVGNSP,000202620,46.205356,6.157358,0,0X03
#202620$GVGPSC,3,11.111111,55.000000,0
000202620,0$GVGNSC,000202620,11.111111,0,55.000000,0X05
#203625$GVGPSP,3,46.205406,6.157466,0
000203625,0$GVGNSP,000203625,46.205406,6.157466,0,0X03
#203625$GVGPSC,3,11.111111,55.000000,0
000203625,0$GVGNSC,000203625,11.111111,0,55.000000,0X05
#204633$GVGPSP,3,46.205456,6.157574,0
000204633,0$GVGNSP,000204633,46.205456,6.157574,0,0X03
#204633$GVGPSC,3,11.111111,55.000000,0
000204633,0$GVGNSC,000204633,11.111111,0,55.000000,0X05
#205639$GVGPSP,3,46.205512,6.157682,0
000205639,0$GVGNSP,000205639,46.205512,6.157682,0,0X03
#205639$GVGPSC,3,11.111111,53.000000,0
000205639,0$GVGNSC,000205639,11.111111,0,53.000000,0X05
#206657$GVGPSP,3,46.205562,6.157781,0
000206657,0$GVGNSP,000206657,46.205562,6.157781,0,0X03
#206657$GVGPSC,3,11.111111,54.000000,0
000206657,0$GVGNSC,000206657,11.111111,0,54.000000,0X05
#207659$GVGPSP,3,46.205611,6.157889,0
000207659,0$GVGNSP,000207659,46.205611,6.157889,0,0X03
#207659$GVGPSC,3,11.111111,54.000000,0
000207659,0$GVGNSC,000207659,11.111111,0,54.000000,0X05
#208667$GVGPSP,3,46.205661,6.157988,0
000208667,0$GVGNSP,000208667,46.205661,6.157988,0,0X03
#208667$GVGPSC,3,11.111111,54.000000,0
000208667,0$GVGNSC,000208667,11.111111,0,54.000000,0X05
#209669$GVGPSP,3,46.205711,6.158096,0
000209669,0$GVGNSP,000209669,46.205711,6.158096,0,0X03
#209669$GVGPSC,3,11.111111,54.000000,0
000209669,0$GVGNSC,000209669,11.111111,0,54.000000,0X05
#210673$GVGPSP,3,46.205767,6.158204,0
000210673,0$GVGNSP,000210673,46.205767,6.158204,0,0X03
#210673$GVGPSC,3,11.111111,54.000000,0
000210673,0$GVGNSC,000210673,11.111111,0,54.000000,0X05
#211679$GVGPSP,3,46.205823,6.158312,0
000211679,0$GVGNSP,000211679,46.205823,6.158312,0,0X03
#211679$GVGPSC,3,11.111111,54.000000,0
000211679,0$GVGNSC,000211679,11.111111,0,54.000000,0X05
#212685$GVGPSP,3,46.205867,6.158419,0
000212685,0$GVGNSP,000212685,46.205867,6.158419,0,0X03
#212685$GVGPSC,3,11.111111,56.000000,12
000212685,0$GVGNSC,000212685,11.111111,0,56.000000,0X05
#213710$GVGPSP,3,46.205923,6.158527,0
000213710,0$GVGNSP,000213710,46.205923,6.158527,0,0X03
#213710$GVGPSC,3,11.111111,55.000000,0
000213710,0$GVGNSC,000213710,11.111111,0,55.000000,0X05
#214716$GVGPSP,3,46.205972,6.158635,0
000214716,0$GVGNSP,000214716,46.205972,6.158635,0,0X03
#214716$GVGPSC,3,11.111111,55.000000,0
000214716,0$GVGNSC,000214716,11.111111,0,55.000000,0X05
#215720$GVGPSP,3,46.206022,6.158734,0
000215720,0$GVGNSP,000215720,46.206022,6.158734,0,0X03
#215720$GVGPSC,3,11.111111,54.000000,0
000215720,0$GVGNSC,000215720,11.111111,0,54.000000,0X05
#216741$GVGPSP,3,46.206072,6.158842,0
000216741,0$GVGNSP,000216741,46.206072,6.158842,0,0X03
#216741$GVGPSC,3,11.111111,54.000000,0
000216741,0$GVGNSC,000216741,11.111111,0,54.000000,0X05
#217751$GVGPSP,3,46.206122,6.158941,0
000217751,0$GVGNSP,000217751,46.206122,6.158941,0,0X03
#217751$GVGPSC,3,11.111111,54.000000,0
000217751,0$GVGNSC,000217751,11.111111,0,54.000000,0X05
#218772$GVGPSP,3,46.206178,6.159049,0
000218772,0$GVGNSP,000218772,46.206178,6.159049,0,0X03
#218772$GVGPSC,3,11.111111,54.000000,0
000218772,0$GVGNSC,000218772,11.111111,0,54.000000,0X05
#219786$GVGPSP,3,46.206228,6.159157,0
000219786,0$GVGNSP,000219786,46.206228,6.159157,0,0X03
#219786$GVGPSC,3,11.111111,56.000000,12
000219786,0$GVGNSC,000219786,11.111111,0,56.000000,0X05
#220803$GVGPSP,3,46.206277,6.159265,0
000220803,0$GVGNSP,000220803,46.206277,6.159265,0,0X03
#220803$GVGPSC,3,11.111111,56.000000,12
000220803,0$GVGNSC,000220803,11.111111,0,56.000000,0X05
#221808$GVGPSP,3,46.206327,6.159373,0
000221808,0$GVGNSP,000221808,46.206327,6.159373,0,0X03
#221808$GVGPSC,3,11.111111,56.000000,12
000221808,0$GVGNSC,000221808,11.111111,0,56.000000,0X05
#222814$GVGPSP,3,46.206371,6.159472,0
000222814,0$GVGNSP,000222814,46.206371,6.159472,0,0X03
#222814$GVGPSC,3,11.111111,56.000000,12
000222814,0$GVGNSC,000222814,11.111111,0,56.000000,0X05
#223817$GVGPSP,3,46.206420,6.159580,0
000223817,0$GVGNSP,000223817,46.206420,6.159580,0,0X03
#223817$GVGPSC,3,11.111111,56.000000,12
000223817,0$GVGNSC,000223817,11.111111,0,56.000000,0X05
#224835$GVGPSP,3,46.206470,6.159688,0
000224835,0$GVGNSP,000224835,46.206470,6.159688,0,0X03
#224835$GVGPSC,3,11.111111,55.000000,0
000224835,0$GVGNSC,000224835,11.111111,0,55.000000,0X05
#225853$GVGPSP,3,46.206526,6.159804,0
000225853,0$GVGNSP,000225853,46.206526,6.159804,0,0X03
#225853$GVGPSC,3,11.111111,55.000000,0
000225853,0$GVGNSC,000225853,11.111111,0,55.000000,0X05
#226857$GVGPSP,3,46.206582,6.159921,0
000226857,0$GVGNSP,000226857,46.206582,6.159921,0,0X03
#226857$GVGPSC,3,11.111111,54.000000,0
000226857,0$GVGNSC,000226857,11.111111,0,54.000000,0X05
#227863$GVGPSP,3,46.206638,6.160038,0
000227863,0$GVGNSP,000227863,46.206638,6.160038,0,0X03
#227863$GVGPSC,3,11.111111,54.000000,0
000227863,0$GVGNSC,000227863,11.111111,0,54.000000,0X05
#228865$GVGPSP,3,46.206694,6.160146,0
000228865,0$GVGNSP,000228865,46.206694,6.160146,0,0X03
#228865$GVGPSC,3,11.111111,54.000000,0
000228865,0$GVGNSC,000228865,11.111111,0,54.000000,0X05
#229872$GVGPSP,3,46.206744,6.160263,0
000229872,0$GVGNSP,000229872,46.206744,6.160263,0,0X03
#229872$GVGPSC,3,11.111111,55.000000,0
000229872,0$GVGNSC,000229872,11.111111,0,55.000000,0X05
#230886$GVGPSP,3,46.206800,6.160371,0
000230886,0$GVGNSP,000230886,46.206800,6.160371,0,0X03
#230886$GVGPSC,3,11.111111,54.000000,0
000230886,0$GVGNSC,000230886,11.111111,0,54.000000,0X05
#231892$GVGPSP,3,46.206850,6.160470,0
000231892,0$GVGNSP,000231892,46.206850,6.160470,0,0X03
#231892$GVGPSC,3,11.111111,54.000000,0
000231892,0$GVGNSC,000231892,11.111111,0,54.000000,0X05
#232893$GVGPSP,3,46.206900,6.160569,0
000232893,0$GVGNSP,000232893,46.206900,6.160569,0,0X03
#232893$GVGPSC,3,11.111111,54.000000,0
000232893,0$GVGNSC,000232893,11.111111,0,54.000000,0X05
#233909$GVGPSP,3,46.206956,6.160686,0
000233909,0$GVGNSP,000233909,46.206956,6.160686,0,0X03
#233909$GVGPSC,3,11.111111,55.000000,0
000233909,0$GVGNSC,000233909,11.111111,0,55.000000,0X05
#234920$GVGPSP,3,46.207005,6.160794,0
000234920,0$GVGNSP,000234920,46.207005,6.160794,0,0X03
#234920$GVGPSC,3,11.111111,55.000000,0
000234920,0$GVGNSC,000234920,11.111111,0,55.000000,0X05
#235930$GVGPSP,3,46.207055,6.160902,0
000235930,0$GVGNSP,000235930,46.207055,6.160902,0,0X03
#235930$GVGPSC,3,11.111111,55.000000,0
000235930,0$GVGNSC,000235930,11.111111,0,55.000000,0X05
#236940$GVGPSP,3,46.207118,6.161027,0
000236940,0$GVGNSP,000236940,46.207118,6.161027,0,0X03
#236940$GVGPSC,3,11.111111,54.000000,0
000236940,0$GVGNSC,000236940,11.111111,0,54.000000,0X05
#237949$GVGPSP,3,46.207167,6.161135,0
000237949,0$GVGNSP,000237949,46.207167,6.161135,0,0X03
#237949$GVGPSC,3,11.111111,55.000000,0
000237949,0$GVGNSC,000237949,11.111111,0,55.000000,0X05
#238961$GVGPSP,3,46.207223,6.161243,0
000238961,0$GVGNSP,000238961,46.207223,6.161243,0,0X03
#238961$GVGPSC,3,11.111111,55.000000,0
000238961,0$GVGNSC,000238961,11.111111,0,55.000000,0X05
#239971$GVGPSP,3,46.207273,6.161360,0
000239971,0$GVGNSP,000239971,46.207273,6.161360,0,0X03
#239971$GVGPSC,3,11.111111,56.000000,12
000239971,0$GVGNSC,000239971,11.111111,0,56.000000,0X05
#240990$GVGPSP,3,46.207323,6.161459,0
000240990,0$GVGNSP,000240990,46.207323,6.161459,0,0X03
#240990$GVGPSC,3,11.111111,59.000000,0
000240990,0$GVGNSC,000240990,11.111111,0,59.000000,0X05
#242003$GVGPSP,3,46.207360,6.161567,0
000242003,0$GVGNSP,000242003,46.207360,6.161567,0,0X03
#242003$GVGPSC,3,11.111111,60.000000,0
000242003,0$GVGNSC,000242003,11.111111,0,60.000000,0X05
#243025$GVGPSP,3,46.207404,6.161666,0
000243025,0$GVGNSP,000243025,46.207404,6.161666,0,0X03
#243025$GVGPSC,3,11.111111,59.000000,0
000243025,0$GVGNSC,000243025,11.111111,0,59.000000,0X05
#244034$GVGPSP,3,46.207441,6.161774,0
000244034,0$GVGNSP,000244034,46.207441,6.161774,0,0X03
#244034$GVGPSC,3,11.111111,61.000000,0
000244034,0$GVGNSC,000244034,11.111111,0,61.000000,0X05
#245044$GVGPSP,3,46.207485,6.161882,0
000245044,0$GVGNSP,000245044,46.207485,6.161882,0,0X03
#245044$GVGPSC,3,11.111111,64.000000,0
000245044,0$GVGNSC,000245044,11.111111,0,64.000000,0X05
#246054$GVGPSP,3,46.207516,6.161990,0
000246054,0$GVGNSP,000246054,46.207516,6.161990,0,0X03
#246054$GVGPSC,3,11.111111,65.000000,0
000246054,0$GVGNSC,000246054,11.111111,0,65.000000,0X05
#247068$GVGPSP,3,46.207553,6.162098,0
000247068,0$GVGNSP,000247068,46.207553,6.162098,0,0X03
#247068$GVGPSC,3,11.111111,64.000000,0
000247068,0$GVGNSC,000247068,11.111111,0,64.000000,0X05
#248081$GVGPSP,3,46.207591,6.162206,0
000248081,0$GVGNSP,000248081,46.207591,6.162206,0,0X03
#248081$GVGPSC,3,11.111111,64.000000,0
000248081,0$GVGNSC,000248081,11.111111,0,64.000000,0X05
#249085$GVGPSP,3,46.207628,6.162332,0
000249085,0$GVGNSP,000249085,46.207628,6.162332,0,0X03
#249085$GVGPSC,3,11.111111,65.000000,0
000249085,0$GVGNSC,000249085,11.111111,0,65.000000,0X05
#250089$GVGPSP,3,46.207659,6.162439,0
000250089,0$GVGNSP,000250089,46.207659,6.162439,0,0X03
#250089$GVGPSC,3,11.111111,71.000000,0
000250089,0$GVGNSC,000250089,11.111111,0,71.000000,0X05
#251096$GVGPSP,3,46.207690,6.162556,0
000251096,0$GVGNSP,000251096,46.207690,6.162556,0,0X03
#251096$GVGPSC,3,11.111111,70.000000,0
000251096,0$GVGNSC,000251096,11.111111,0,70.000000,0X05
#252100$GVGPSP,3,46.207715,6.162682,0
000252100,0$GVGNSP,000252100,46.207715,6.162682,0,0X03
#252100$GVGPSC,3,11.111111,71.000000,0
000252100,0$GVGNSC,000252100,11.111111,0,71.000000,0X05
#253101$GVGPSP,3,46.207746,6.162799,0
000253101,0$GVGNSP,000253101,46.207746,6.162799,0,0X03
#253101$GVGPSC,3,11.111111,70.000000,0
000253101,0$GVGNSC,000253101,11.111111,0,70.000000,0X05
#254106$GVGPSP,3,46.207777,6.162925,0
000254106,0$GVGNSP,000254106,46.207777,6.162925,0,0X03
#254106$GVGPSC,3,11.111111,70.000000,0
000254106,0$GVGNSC,000254106,11.111111,0,70.000000,0X05
#255110$GVGPSP,3,46.207802,6.163051,0
000255110,0$GVGNSP,000255110,46.207802,6.163051,0,0X03
#255110$GVGPSC,3,11.111111,70.000000,0
000255110,0$GVGNSC,000255110,11.111111,0,70.000000,0X05
#256121$GVGPSP,3,46.207833,6.163177,0
000256121,0$GVGNSP,000256121,46.207833,6.163177,0,0X03
#256121$GVGPSC,3,11.111111,70.000000,0
000256121,0$GVGNSC,000256121,11.111111,0,70.000000,0X05
#257125$GVGPSP,3,46.207864,6.163294,0
000257125,0$GVGNSP,000257125,46.207864,6.163294,0,0X03
#257125$GVGPSC,3,11.111111,70.000000,0
000257125,0$GVGNSC,000257125,11.111111,0,70.000000,0X05
#258131$GVGPSP,3,46.207895,6.163420,0
000258131,0$GVGNSP,000258131,46.207895,6.163420,0,0X03
#258131$GVGPSC,3,11.111111,70.000000,0
000258131,0$GVGNSC,000258131,11.111111,0,70.000000,0X05
#259136$GVGPSP,3,46.207920,6.163546,0
000259136,0$GVGNSP,000259136,46.207920,6.163546,0,0X03
#259136$GVGPSC,3,11.111111,70.000000,0
000259136,0$GVGNSC,000259136,11.111111,0,70.000000,0X05
#260144$GVGPSP,3,46.207951,6.163654,0
000260144,0$GVGNSP,000260144,46.207951,6.163654,0,0X03
#260144$GVGPSC,3,11.111111,69.000000,0
000260144,0$GVGNSC,000260144,11.111111,0,69.000000,0X05
#261158$GVGPSP,3,46.207983,6.163779,0
000261158,0$GVGNSP,000261158,46.207983,6.163779,0,0X03
#261158$GVGPSC,3,11.111111,70.000000,0
000261158,0$GVGNSC,000261158,11.111111,0,70.000000,0X05
#262180$GVGPSP,3,46.208014,6.163914,0
000262180,0$GVGNSP,000262180,46.208014,6.163914,0,0X03
#262180$GVGPSC,3,11.111111,67.000000,0
000262180,0$GVGNSC,000262180,11.111111,0,67.000000,0X05
#263197$GVGPSP,3,46.208045,6.164031,0
000263197,0$GVGNSP,000263197,46.208045,6.164031,0,0X03
#263197$GVGPSC,3,11.111111,67.000000,0
000263197,0$GVGNSC,000263197,11.111111,0,67.000000,0X05
#264200$GVGPSP,3,46.208082,6.164139,0
000264200,0$GVGNSP,000264200,46.208082,6.164139,0,0X03
#264200$GVGPSC,3,11.111111,65.000000,0
000264200,0$GVGNSC,000264200,11.111111,0,65.000000,0X05
#265201$GVGPSP,3,46.208120,6.164265,0
000265201,0$GVGNSP,000265201,46.208120,6.164265,0,0X03
#265201$GVGPSC,3,11.111111,61.000000,0
000265201,0$GVGNSC,000265201,11.111111,0,61.000000,0X05
#266214$GVGPSP,3,46.208163,6.164382,0
000266214,0$GVGNSP,000266214,46.208163,6.164382,0,0X03
#266214$GVGPSC,3,11.111111,60.000000,0
000266214,0$GVGNSC,000266214,11.111111,0,60.000000,0X05
#267220$GVGPSP,3,46.208207,6.164499,0
000267220,0$GVGNSP,000267220,46.208207,6.164499,0,0X03
#267220$GVGPSC,3,11.111111,60.000000,0
000267220,0$GVGNSC,000267220,11.111111,0,60.000000,0X05
#268234$GVGPSP,3,46.208250,6.164598,0
000268234,0$GVGNSP,000268234,46.208250,6.164598,0,0X03
#268234$GVGPSC,3,11.111111,59.000000,0
000268234,0$GVGNSC,000268234,11.111111,0,59.000000,0X05
#269250$GVGPSP,3,46.208288,6.164706,0
000269250,0$GVGNSP,000269250,46.208288,6.164706,0,0X03
#269250$GVGPSC,3,11.111111,61.000000,0
000269250,0$GVGNSC,000269250,11.111111,0,61.000000,0X05
#270251$GVGPSP,3,46.208331,6.164814,0
000270251,0$GVGNSP,000270251,46.208331,6.164814,0,0X03
#270251$GVGPSC,3,11.111111,61.000000,0
000270251,0$GVGNSC,000270251,11.111111,0,61.000000,0X05
#271263$GVGPSP,3,46.208368,6.164931,0
000271263,0$GVGNSP,000271263,46.208368,6.164931,0,0X03
#271263$GVGPSC,3,11.111111,62.000000,0
000271263,0$GVGNSC,000271263,11.111111,0,62.000000,0X05
#271266$GVGPSP,3,46.208424,6.165047,0
000271266,0$GVGNSP,000271266,46.208424,6.165047,0,0X03
#271266$GVGPSC,3,11.111111,57.000000,0
000271266,0$GVGNSC,000271266,11.111111,0,57.000000,0X05
#272270$GVGPSP,3,46.208468,6.165164,0
000272270,0$GVGNSP,000272270,46.208468,6.165164,0,0X03
#272270$GVGPSC,3,11.111111,57.000000,0
000272270,0$GVGNSC,000272270,11.111111,0,57.000000,0X05
#273292$GVGPSP,3,46.208518,6.165272,0
000273292,0$GVGNSP,000273292,46.208518,6.165272,0,0X03
#273292$GVGPSC,3,11.111111,57.000000,0
000273292,0$GVGNSC,000273292,11.111111,0,57.000000,0X05
#274297$GVGPSP,3,46.208561,6.165371,0
000274297,0$GVGNSP,000274297,46.208561,6.165371,0,0X03
#274297$GVGPSC,3,11.111111,57.000000,0
000274297,0$GVGNSC,000274297,11.111111,0,57.000000,0X05
#276300$GVGPSP,3,46.208611,6.165479,0
000276300,0$GVGNSP,000276300,46.208611,6.165479,0,0X03
#276300$GVGPSC,3,11.111111,57.000000,0
000276300,0$GVGNSC,000276300,11.111111,0,57.000000,0X05
#276308$GVGPSP,3,46.208661,6.165587,0
000276308,0$GVGNSP,000276308,46.208661,6.165587,0,0X03
#276308$GVGPSC,3,11.111111,57.000000,0
000276308,0$GVGNSC,000276308,11.111111,0,57.000000,0X05
#277311$GVGPSP,3,46.208711,6.165695,0
000277311,0$GVGNSP,000277311,46.208711,6.165695,0,0X03
#277311$GVGPSC,3,11.111111,57.000000,0
000277311,0$GVGNSC,000277311,11.111111,0,57.000000,0X05
#278313$GVGPSP,3,46.208754,6.165803,0
000278313,0$GVGNSP,000278313,46.208754,6.165803,0,0X03
#278313$GVGPSC,3,11.111111,57.000000,0
000278313,0$GVGNSC,000278313,11.111111,0,57.000000,0X05
#279319$GVGPSP,3,46.208798,6.165902,0
000279319,0$GVGNSP,000279319,46.208798,6.165902,0,0X03
#279319$GVGPSC,3,11.111111,57.000000,0
000279319,0$GVGNSC,000279319,11.111111,0,57.000000,0X05
#280334$GVGPSP,3,46.208848,6.166010,0
000280334,0$GVGNSP,000280334,46.208848,6.166010,0,0X03
#280334$GVGPSC,3,11.111111,57.000000,0
000280334,0$GVGNSC,000280334,11.111111,0,57.000000,0X05
#281338$GVGPSP,3,46.208897,6.166118,0
000281338,0$GVGNSP,000281338,46.208897,6.166118,0,0X03
#281338$GVGPSC,3,11.111111,57.000000,0
000281338,0$GVGNSC,000281338,11.111111,0,57.000000,0X05
#282344$GVGPSP,3,46.208941,6.166226,0
000282344,0$GVGNSP,000282344,46.208941,6.166226,0,0X03
#282344$GVGPSC,3,11.111111,57.000000,0
000282344,0$GVGNSC,000282344,11.111111,0,57.000000,0X05
#283349$GVGPSP,3,46.208991,6.166324,0
000283349,0$GVGNSP,000283349,46.208991,6.166324,0,0X03
#283349$GVGPSC,3,11.111111,57.000000,0
000283349,0$GVGNSC,000283349,11.111111,0,57.000000,0X05
#284353$GVGPSP,3,46.209041,6.166432,0
000284353,0$GVGNSP,000284353,46.209041,6.166432,0,0X03
#284353$GVGPSC,3,11.111111,57.000000,0
000284353,0$GVGNSC,000284353,11.111111,0,57.000000,0X05
#285361$GVGPSP,3,46.209084,6.166540,0
000285361,0$GVGNSP,000285361,46.209084,6.166540,0,0X03
#285361$GVGPSC,3,11.111111,57.000000,0
000285361,0$GVGNSC,000285361,11.111111,0,57.000000,0X05
#286362$GVGPSP,3,46.209134,6.166648,0
000286362,0$GVGNSP,000286362,46.209134,6.166648,0,0X03
#286362$GVGPSC,3,11.111111,57.000000,0
000286362,0$GVGNSC,000286362,11.111111,0,57.000000,0X05
#287393$GVGPSP,3,46.209184,6.166756,0
000287393,0$GVGNSP,000287393,46.209184,6.166756,0,0X03
#287393$GVGPSC,3,11.111111,57.000000,0
000287393,0$GVGNSC,000287393,11.111111,0,57.000000,0X05
#288402$GVGPSP,3,46.209227,6.166855,0
000288402,0$GVGNSP,000288402,46.209227,6.166855,0,0X03
#288402$GVGPSC,3,11.111111,57.000000,0
000288402,0$GVGNSC,000288402,11.111111,0,57.000000,0X05
#289406$GVGPSP,3,46.209271,6.166963,0
000289406,0$GVGNSP,000289406,46.209271,6.166963,0,0X03
#289406$GVGPSC,3,11.111111,57.000000,0
000289406,0$GVGNSC,000289406,11.111111,0,57.000000,0X05
#290414$GVGPSP,3,46.209321,6.167071,0
000290414,0$GVGNSP,000290414,46.209321,6.167071,0,0X03
#290414$GVGPSC,3,11.111111,56.000000,12
000290414,0$GVGNSC,000290414,11.111111,0,56.000000,0X05
#291422$GVGPSP,3,46.209370,6.167179,0
000291422,0$GVGNSP,000291422,46.209370,6.167179,0,0X03
#291422$GVGPSC,3,11.111111,57.000000,0
000291422,0$GVGNSC,000291422,11.111111,0,57.000000,0X05
#292427$GVGPSP,3,46.209414,6.167278,0
000292427,0$GVGNSP,000292427,46.209414,6.167278,0,0X03
#292427$GVGPSC,3,11.111111,57.000000,0
000292427,0$GVGNSC,000292427,11.111111,0,57.000000,0X05
#293434$GVGPSP,3,46.209464,6.167386,0
000293434,0$GVGNSP,000293434,46.209464,6.167386,0,0X03
#293434$GVGPSC,3,11.111111,56.000000,12
000293434,0$GVGNSC,000293434,11.111111,0,56.000000,0X05
#295466$GVGPSP,3,46.209514,6.167494,0
000295466,0$GVGNSP,000295466,46.209514,6.167494,0,0X03
#295466$GVGPSC,3,11.111111,57.000000,0
000295466,0$GVGNSC,000295466,11.111111,0,57.000000,0X05
#295478$GVGPSP,3,46.209557,6.167602,0
000295478,0$GVGNSP,000295478,46.209557,6.167602,0,0X03
#295478$GVGPSC,3,11.111111,56.000000,12
000295478,0$GVGNSC,000295478,11.111111,0,56.000000,0X05
#296481$GVGPSP,3,46.209607,6.167709,0
000296481,0$GVGNSP,000296481,46.209607,6.167709,0,0X03
#296481$GVGPSC,3,11.111111,56.000000,12
000296481,0$GVGNSC,000296481,11.111111,0,56.000000,0X05
#297483$GVGPSP,3,46.209657,6.167808,0
000297483,0$GVGNSP,000297483,46.209657,6.167808,0,0X03
#297483$GVGPSC,3,11.111111,56.000000,12
000297483,0$GVGNSC,000297483,11.111111,0,56.000000,0X05
#298493$GVGPSP,3,46.209700,6.167925,0
000298493,0$GVGNSP,000298493,46.209700,6.167925,0,0X03
#298493$GVGPSC,3,11.111111,56.000000,12
000298493,0$GVGNSC,000298493,11.111111,0,56.000000,0X05
#299501$GVGPSP,3,46.209750,6.168024,0
000299501,0$GVGNSP,000299501,46.209750,6.168024,0,0X03
#299501$GVGPSC,3,11.111111,56.000000,12
000299501,0$GVGNSC,000299501,11.111111,0,56.000000,0X05
#300514$GVGPSP,3,46.209800,6.168132,0
000300514,0$GVGNSP,000300514,46.209800,6.168132,0,0X03
#300514$GVGPSC,3,11.111111,56.000000,12
000300514,0$GVGNSC,000300514,11.111111,0,56.000000,0X05
#301523$GVGPSP,3,46.209843,6.168240,0
000301523,0$GVGNSP,000301523,46.209843,6.168240,0,0X03
#301523$GVGPSC,3,11.111111,56.000000,12
000301523,0$GVGNSC,000301523,11.111111,0,56.000000,0X05
#302526$GVGPSP,3,46.209893,6.168339,0
000302526,0$GVGNSP,000302526,46.209893,6.168339,0,0X03
#302526$GVGPSC,3,11.111111,56.000000,12
000302526,0$GVGNSC,000302526,11.111111,0,56.000000,0X05
#303530$GVGPSP,3,46.209943,6.168447,0
000303530,0$GVGNSP,000303530,46.209943,6.168447,0,0X03
#303530$GVGPSC,3,11.111111,56.000000,12
000303530,0$GVGNSC,000303530,11.111111,0,56.000000,0X05
#304535$GVGPSP,3,46.209993,6.168555,0
000304535,0$GVGNSP,000304535,46.209993,6.168555,0,0X03
#304535$GVGPSC,3,11.111111,56.000000,12
000304535,0$GVGNSC,000304535,11.111111,0,56.000000,0X05
#305540$GVGPSP,3,46.210036,6.168663,0
000305540,0$GVGNSP,000305540,46.210036,6.168663,0,0X03
#305540$GVGPSC,3,11.111111,56.000000,12
000305540,0$GVGNSC,000305540,11.111111,0,56.000000,0X05
#306545$GVGPSP,3,46.210086,6.168762,0
000306545,0$GVGNSP,000306545,46.210086,6.168762,0,0X03
#306545$GVGPSC,3,11.111111,56.000000,12
000306545,0$GVGNSC,000306545,11.111111,0,56.000000,0X05
#307552$GVGPSP,3,46.210130,6.168870,0
000307552,0$GVGNSP,000307552,46.210130,6.168870,0,0X03
#307552$GVGPSC,3,11.111111,56.000000,12
000307552,0$GVGNSC,000307552,11.111111,0,56.000000,0X05
#308556$GVGPSP,3,46.210180,6.168977,0
000308556,0$GVGNSP,000308556,46.210180,6.168977,0,0X03
#308556$GVGPSC,3,11.111111,56.000000,12
000308556,0$GVGNSC,000308556,11.111111,0,56.000000,0X05
#309558$GVGPSP,3,46.210229,6.169085,0
000309558,0$GVGNSP,000309558,46.210229,6.169085,0,0X03
#309558$GVGPSC,3,11.111111,56.000000,12
000309558,0$GVGNSC,000309558,11.111111,0,56.000000,0X05
#310563$GVGPSP,3,46.210279,6.169193,0
000310563,0$GVGNSP,000310563,46.210279,6.169193,0,0X03
#310563$GVGPSC,3,11.111111,56.000000,12
000310563,0$GVGNSC,000310563,11.111111,0,56.000000,0X05
#311565$GVGPSP,3,46.210323,6.169292,0
000311565,0$GVGNSP,000311565,46.210323,6.169292,0,0X03
#311565$GVGPSC,3,11.111111,56.000000,12
000311565,0$GVGNSC,000311565,11.111111,0,56.000000,0X05
#312570$GVGPSP,3,46.210372,6.169400,0
000312570,0$GVGNSP,000312570,46.210372,6.169400,0,0X03
#312570$GVGPSC,3,11.111111,56.000000,12
000312570,0$GVGNSC,000312570,11.111111,0,56.000000,0X05
#313574$GVGPSP,3,46.210422,6.169508,0
000313574,0$GVGNSP,000313574,46.210422,6.169508,0,0X03
#313574$GVGPSC,3,11.111111,56.000000,12
000313574,0$GVGNSC,000313574,11.111111,0,56.000000,0X05
#314578$GVGPSP,3,46.210472,6.169616,0
000314578,0$GVGNSP,000314578,46.210472,6.169616,0,0X03
#314578$GVGPSC,3,11.111111,56.000000,12
000314578,0$GVGNSC,000314578,11.111111,0,56.000000,0X05
#315588$GVGPSP,3,46.210516,6.169715,0
000315588,0$GVGNSP,000315588,46.210516,6.169715,0,0X03
#315588$GVGPSC,3,11.111111,56.000000,12
000315588,0$GVGNSC,000315588,11.111111,0,56.000000,0X05
#316598$GVGPSP,3,46.210565,6.169823,0
000316598,0$GVGNSP,000316598,46.210565,6.169823,0,0X03
#316598$GVGPSC,3,11.111111,56.000000,12
000316598,0$GVGNSC,000316598,11.111111,0,56.000000,0X05
#317602$GVGPSP,3,46.210615,6.169931,0
000317602,0$GVGNSP,000317602,46.210615,6.169931,0,0X03
#317602$GVGPSC,3,11.111111,56.000000,12
000317602,0$GVGNSC,000317602,11.111111,0,56.000000,0X05
#318608$GVGPSP,3,46.210665,6.170039,0
000318608,0$GVGNSP,000318608,46.210665,6.170039,0,0X03
#318608$GVGPSC,3,11.111111,56.000000,12
000318608,0$GVGNSC,000318608,11.111111,0,56.000000,0X05
#319613$GVGPSP,3,46.210715,6.170147,0
000319613,0$GVGNSP,000319613,46.210715,6.170147,0,0X03
#319613$GVGPSC,3,11.111111,56.000000,12
000319613,0$GVGNSC,000319613,11.111111,0,56.000000,0X05
#320625$GVGPSP,3,46.210758,6.170255,0
000320625,0$GVGNSP,000320625,46.210758,6.170255,0,0X03
#320625$GVGPSC,3,11.111111,56.000000,12
000320625,0$GVGNSC,000320625,11.111111,0,56.000000,0X05
#321631$GVGPSP,3,46.210808,6.170353,0
000321631,0$GVGNSP,000321631,46.210808,6.170353,0,0X03
#321631$GVGPSC,3,11.111111,56.000000,12
000321631,0$GVGNSC,000321631,11.111111,0,56.000000,0X05
#322652$GVGPSP,3,46.210858,6.170461,0
000322652,0$GVGNSP,000322652,46.210858,6.170461,0,0X03
#322652$GVGPSC,3,11.111111,56.000000,12
000322652,0$GVGNSC,000322652,11.111111,0,56.000000,0X05
#323663$GVGPSP,3,46.210901,6.170569,0
000323663,0$GVGNSP,000323663,46.210901,6.170569,0,0X03
#323663$GVGPSC,3,11.111111,56.000000,12
000323663,0$GVGNSC,000323663,11.111111,0,56.000000,0X05
#324673$GVGPSP,3,46.210951,6.170677,0
000324673,0$GVGNSP,000324673,46.210951,6.170677,0,0X03
#324673$GVGPSC,3,11.111111,56.000000,12
000324673,0$GVGNSC,000324673,11.111111,0,56.000000,0X05
#325692$GVGPSP,3,46.210995,6.170776,0
000325692,0$GVGNSP,000325692,46.210995,6.170776,0,0X03
#325692$GVGPSC,3,11.111111,56.000000,12
000325692,0$GVGNSC,000325692,11.111111,0,56.000000,0X05
#326703$GVGPSP,3,46.211045,6.170884,0
000326703,0$GVGNSP,000326703,46.211045,6.170884,0,0X03
#326703$GVGPSC,3,11.111111,56.000000,12
000326703,0$GVGNSC,000326703,11.111111,0,56.000000,0X05
#327711$GVGPSP,3,46.211094,6.170992,0
000327711,0$GVGNSP,000327711,46.211094,6.170992,0,0X03
#327711$GVGPSC,3,11.111111,56.000000,12
000327711,0$GVGNSC,000327711,11.111111,0,56.000000,0X05
#328714$GVGPSP,3,46.211144,6.171100,0
000328714,0$GVGNSP,000328714,46.211144,6.171100,0,0X03
#328714$GVGPSC,3,11.111111,56.000000,12
000328714,0$GVGNSC,000328714,11.111111,0,56.000000,0X05
#329721$GVGPSP,3,46.211194,6.171199,0
000329721,0$GVGNSP,000329721,46.211194,6.171199,0,0X03
#329721$GVGPSC,3,11.111111,56.000000,12
000329721,0$GVGNSC,000329721,11.111111,0,56.000000,0X05
#330725$GVGPSP,3,46.211238,6.171307,0
000330725,0$GVGNSP,000330725,46.211238,6.171307,0,0X03
#330725$GVGPSC,3,11.111111,56.000000,12
000330725,0$GVGNSC,000330725,11.111111,0,56.000000,0X05
#331730$GVGPSP,3,46.211287,6.171415,0
000331730,0$GVGNSP,000331730,46.211287,6.171415,0,0X03
#331730$GVGPSC,3,11.111111,56.000000,12
000331730,0$GVGNSC,000331730,11.111111,0,56.000000,0X05
#332735$GVGPSP,3,46.211337,6.171523,0
000332735,0$GVGNSP,000332735,46.211337,6.171523,0,0X03
#332735$GVGPSC,3,11.111111,56.000000,12
000332735,0$GVGNSC,000332735,11.111111,0,56.000000,0X05
#333743$GVGPSP,3,46.211387,6.171630,0
000333743,0$GVGNSP,000333743,46.211387,6.171630,0,0X03
#333743$GVGPSC,3,11.111111,56.000000,12
000333743,0$GVGNSC,000333743,11.111111,0,56.000000,0X05
#334753$GVGPSP,3,46.211430,6.171729,0
000334753,0$GVGNSP,000334753,46.211430,6.171729,0,0X03
#334753$GVGPSC,3,11.111111,56.000000,12
000334753,0$GVGNSC,000334753,11.111111,0,56.000000,0X05
#335757$GVGPSP,3,46.211480,6.171837,0
000335757,0$GVGNSP,000335757,46.211480,6.171837,0,0X03
#335757$GVGPSC,3,11.111111,56.000000,12
000335757,0$GVGNSC,000335757,11.111111,0,56.000000,0X05
#336762$GVGPSP,3,46.211530,6.171945,0
000336762,0$GVGNSP,000336762,46.211530,6.171945,0,0X03
#336762$GVGPSC,3,11.111111,56.000000,12
000336762,0$GVGNSC,000336762,11.111111,0,56.000000,0X05
#337766$GVGPSP,3,46.211580,6.172053,0
000337766,0$GVGNSP,000337766,46.211580,6.172053,0,0X03
#337766$GVGPSC,3,11.111111,56.000000,12
000337766,0$GVGNSC,000337766,11.111111,0,56.000000,0X05
#338775$GVGPSP,3,46.211630,6.172161,0
000338775,0$GVGNSP,000338775,46.211630,6.172161,0,0X03
#338775$GVGPSC,3,11.111111,57.000000,0
000338775,0$GVGNSC,000338775,11.111111,0,57.000000,0X05
#339788$GVGPSP,3,46.211673,6.172296,0
000339788,0$GVGNSP,000339788,46.211673,6.172296,0,0X03
#339788$GVGPSC,3,11.111111,61.000000,0
000339788,0$GVGNSC,000339788,11.111111,0,61.000000,0X05
#340794$GVGPSP,3,46.211723,6.172422,0
000340794,0$GVGNSP,000340794,46.211723,6.172422,0,0X03
#340794$GVGPSC,3,11.111111,63.000000,0
000340794,0$GVGNSC,000340794,11.111111,0,63.000000,0X05
#341796$GVGPSP,3,46.211766,6.172548,0
000341796,0$GVGNSP,000341796,46.211766,6.172548,0,0X03
#341796$GVGPSC,3,11.111111,63.000000,0
000341796,0$GVGNSC,000341796,11.111111,0,63.000000,0X05
#342799$GVGPSP,3,46.211804,6.172656,0
000342799,0$GVGNSP,000342799,46.211804,6.172656,0,0X03
#342799$GVGPSC,3,11.111111,63.000000,0
000342799,0$GVGNSC,000342799,11.111111,0,63.000000,0X05
#343801$GVGPSP,3,46.211841,6.172773,0
000343801,0$GVGNSP,000343801,46.211841,6.172773,0,0X03
#343801$GVGPSC,3,11.111111,63.000000,0
000343801,0$GVGNSC,000343801,11.111111,0,63.000000,0X05
#344804$GVGPSP,3,46.211785,6.172881,0
000344804,0$GVGNSP,000344804,46.211785,6.172881,0,0X03
#344804$GVGPSC,3,11.111111,140.000000,18
000344804,0$GVGNSC,000344804,11.111111,0,140.000000,0X05
#345806$GVGPSP,3,46.211717,6.172970,0
000345806,0$GVGNSP,000345806,46.211717,6.172970,0,0X03
#345806$GVGPSC,3,11.111111,139.000000,0
000345806,0$GVGNSC,000345806,11.111111,0,139.000000,0X05
#346810$GVGPSP,3,46.211642,6.173060,0
000346810,0$GVGNSP,000346810,46.211642,6.173060,0,0X03
#346810$GVGPSC,3,11.111111,122.000000,0
000346810,0$GVGNSC,000346810,11.111111,0,122.000000,0X05
#347817$GVGPSP,3,46.211598,6.173186,0
000347817,0$GVGNSP,000347817,46.211598,6.173186,0,0X03
#347817$GVGPSC,3,11.111111,109.000000,0
000347817,0$GVGNSC,000347817,11.111111,0,109.000000,0X05
#348825$GVGPSP,3,46.211567,6.173321,0
000348825,0$GVGNSP,000348825,46.211567,6.173321,0,0X03
#348825$GVGPSC,3,11.111111,109.000000,0
000348825,0$GVGNSC,000348825,11.111111,0,109.000000,0X05
#349834$GVGPSP,3,46.211536,6.173438,0
000349834,0$GVGNSP,000349834,46.211536,6.173438,0,0X03
#349834$GVGPSC,3,11.111111,115.000000,0
000349834,0$GVGNSC,000349834,11.111111,0,115.000000,0X05
#350837$GVGPSP,3,46.211493,6.173546,0
000350837,0$GVGNSP,000350837,46.211493,6.173546,0,0X03
#350837$GVGPSC,3,11.111111,116.000000,0
000350837,0$GVGNSC,000350837,11.111111,0,116.000000,0X05
#351847$GVGPSP,3,46.211455,6.173672,0
000351847,0$GVGNSP,000351847,46.211455,6.173672,0,0X03
#351847$GVGPSC,3,11.111111,115.000000,0
000351847,0$GVGNSC,000351847,11.111111,0,115.000000,0X05
#352856$GVGPSP,3,46.211418,6.173789,0
000352856,0$GVGNSP,000352856,46.211418,6.173789,0,0X03
#352856$GVGPSC,3,11.111111,115.000000,0
000352856,0$GVGNSC,000352856,11.111111,0,115.000000,0X05
#353862$GVGPSP,3,46.211381,6.173906,0
000353862,0$GVGNSP,000353862,46.211381,6.173906,0,0X03
#353862$GVGPSC,3,11.111111,116.000000,0
000353862,0$GVGNSC,000353862,11.111111,0,116.000000,0X05
#354863$GVGPSP,3,46.211337,6.174041,0
000354863,0$GVGNSP,000354863,46.211337,6.174041,0,0X03
#354863$GVGPSC,3,11.111111,114.000000,0
000354863,0$GVGNSC,000354863,11.111111,0,114.000000,0X05
#355868$GVGPSP,3,46.211312,6.174176,0
000355868,0$GVGNSP,000355868,46.211312,6.174176,0,0X03
#355868$GVGPSC,3,11.111111,99.000000,0
000355868,0$GVGNSC,000355868,11.111111,0,99.000000,0X05
#356874$GVGPSP,3,46.211306,6.174310,0
000356874,0$GVGNSP,000356874,46.211306,6.174310,0,0X03
#356874$GVGPSC,3,11.111111,71.000000,0
000356874,0$GVGNSC,000356874,11.111111,0,71.000000,0X05
#357884$GVGPSP,3,46.211343,6.174445,0
000357884,0$GVGNSP,000357884,46.211343,6.174445,0,0X03
#357884$GVGPSC,3,11.111111,63.000000,0
000357884,0$GVGNSC,000357884,11.111111,0,63.000000,0X05
#358888$GVGPSP,3,46.211387,6.174571,0
000358888,0$GVGNSP,000358888,46.211387,6.174571,0,0X03
#358888$GVGPSC,3,11.111111,61.000000,0
000358888,0$GVGNSC,000358888,11.111111,0,61.000000,0X05
#359893$GVGPSP,3,46.211437,6.174688,0
000359893,0$GVGNSP,000359893,46.211437,6.174688,0,0X03
#359893$GVGPSC,3,11.111111,53.000000,0
000359893,0$GVGNSC,000359893,11.111111,0,53.000000,0X05
#360902$GVGPSP,3,46.211486,6.174787,0
000360902,0$GVGNSP,000360902,46.211486,6.174787,0,0X03
#360902$GVGPSC,3,11.111111,53.000000,0
000360902,0$GVGNSC,000360902,11.111111,0,53.000000,0X05
#361905$GVGPSP,3,46.211549,6.174895,0
000361905,0$GVGNSP,000361905,46.211549,6.174895,0,0X03
#361905$GVGPSC,3,11.111111,48.000000,0
000361905,0$GVGNSC,000361905,11.111111,0,48.000000,0X05
#362909$GVGPSP,3,46.211611,6.174994,0
000362909,0$GVGNSP,000362909,46.211611,6.174994,0,0X03
#362909$GVGPSC,3,11.111111,49.000000,0
000362909,0$GVGNSC,000362909,11.111111,0,49.000000,0X05
#363915$GVGPSP,3,46.211673,6.175102,0
000363915,0$GVGNSP,000363915,46.211673,6.175102,0,0X03
#363915$GVGPSC,3,11.111111,45.000000,0
000363915,0$GVGNSC,000363915,11.111111,0,45.000000,0X05
#364918$GVGPSP,3,46.211735,6.175192,0
000364918,0$GVGNSP,000364918,46.211735,6.175192,0,0X03
#364918$GVGPSC,3,11.111111,44.000000,28
000364918,0$GVGNSC,000364918,11.111111,0,44.000000,0X05
#365924$GVGPSP,3,46.211804,6.175291,0
000365924,0$GVGNSP,000365924,46.211804,6.175291,0,0X03
#365924$GVGPSC,3,11.111111,44.000000,28
000365924,0$GVGNSC,000365924,11.111111,0,44.000000,0X05
#366926$GVGPSP,3,46.211866,6.175381,0
000366926,0$GVGNSP,000366926,46.211866,6.175381,0,0X03
#366926$GVGPSC,3,11.111111,44.000000,28
000366926,0$GVGNSC,000366926,11.111111,0,44.000000,0X05
#367930$GVGPSP,3,46.211935,6.175480,0
000367930,0$GVGNSP,000367930,46.211935,6.175480,0,0X03
#367930$GVGPSC,3,11.111111,44.000000,28
000367930,0$GVGNSC,000367930,11.111111,0,44.000000,0X05
#368935$GVGPSP,3,46.212003,6.175579,0
000368935,0$GVGNSP,000368935,46.212003,6.175579,0,0X03
#368935$GVGPSC,3,11.111111,44.000000,28
000368935,0$GVGNSC,000368935,11.111111,0,44.000000,0X05
#369939$GVGPSP,3,46.212065,6.175668,0
000369939,0$GVGNSP,000369939,46.212065,6.175668,0,0X03
#369939$GVGPSC,3,11.111111,44.000000,28
000369939,0$GVGNSC,000369939,11.111111,0,44.000000,0X05
#370941$GVGPSP,3,46.212134,6.175767,0
000370941,0$GVGNSP,000370941,46.212134,6.175767,0,0X03
#370941$GVGPSC,3,11.111111,44.000000,28
000370941,0$GVGNSC,000370941,11.111111,0,44.000000,0X05
#371943$GVGPSP,3,46.212202,6.175866,0
000371943,0$GVGNSP,000371943,46.212202,6.175866,0,0X03
#371943$GVGPSC,3,11.111111,44.000000,28
000371943,0$GVGNSC,000371943,11.111111,0,44.000000,0X05
#372949$GVGPSP,3,46.212264,6.175956,0
000372949,0$GVGNSP,000372949,46.212264,6.175956,0,0X03
#372949$GVGPSC,3,11.111111,44.000000,28
000372949,0$GVGNSC,000372949,11.111111,0,44.000000,0X05
#373953$GVGPSP,3,46.212333,6.176055,0
000373953,0$GVGNSP,000373953,46.212333,6.176055,0,0X03
#373953$GVGPSC,3,11.111111,46.000000,0
000373953,0$GVGNSC,000373953,11.111111,0,46.000000,0X05
#374961$GVGPSP,3,46.212395,6.176145,0
000374961,0$GVGNSP,000374961,46.212395,6.176145,0,0X03
#374961$GVGPSC,3,11.111111,46.000000,0
000374961,0$GVGNSC,000374961,11.111111,0,46.000000,0X05
#375969$GVGPSP,3,46.212451,6.176235,0
000375969,0$GVGNSP,000375969,46.212451,6.176235,0,0X03
#375969$GVGPSC,3,11.111111,46.000000,0
000375969,0$GVGNSC,000375969,11.111111,0,46.000000,0X05
#376981$GVGPSP,3,46.212513,6.176325,0
000376981,0$GVGNSP,000376981,46.212513,6.176325,0,0X03
#376981$GVGPSC,3,11.111111,46.000000,0
000376981,0$GVGNSC,000376981,11.111111,0,46.000000,0X05
#377982$GVGPSP,3,46.212576,6.176424,0
000377982,0$GVGNSP,000377982,46.212576,6.176424,0,0X03
#377982$GVGPSC,3,11.111111,44.000000,28
000377982,0$GVGNSC,000377982,11.111111,0,44.000000,0X05
#378988$GVGPSP,3,46.212638,6.176514,0
000378988,0$GVGNSP,000378988,46.212638,6.176514,0,0X03
#378988$GVGPSC,3,11.111111,44.000000,28
000378988,0$GVGNSC,000378988,11.111111,0,44.000000,0X05
#379991$GVGPSP,3,46.212700,6.176613,0
000379991,0$GVGNSP,000379991,46.212700,6.176613,0,0X03
#379991$GVGPSC,3,11.111111,47.000000,0
000379991,0$GVGNSC,000379991,11.111111,0,47.000000,0X05
#380999$GVGPSP,3,46.212756,6.176703,0
000380999,0$GVGNSP,000380999,46.212756,6.176703,0,0X03
#380999$GVGPSC,3,11.111111,47.000000,0
000380999,0$GVGNSC,000380999,11.111111,0,47.000000,0X05
#382003$GVGPSP,3,46.212812,6.176784,0
000382003,0$GVGNSP,000382003,46.212812,6.176784,0,0X03
#382003$GVGPSC,3,11.111111,47.000000,0
000382003,0$GVGNSC,000382003,11.111111,0,47.000000,0X05
#383006$GVGPSP,3,46.212868,6.176865,0
000383006,0$GVGNSP,000383006,46.212868,6.176865,0,0X03
#383006$GVGPSC,3,11.111111,47.000000,0
000383006,0$GVGNSC,000383006,11.111111,0,47.000000,0X05
#384010$GVGPSP,3,46.212924,6.176954,0
000384010,0$GVGNSP,000384010,46.212924,6.176954,0,0X03
#384010$GVGPSC,3,11.111111,47.000000,0
000384010,0$GVGNSC,000384010,11.111111,0,47.000000,0X05
#385014$GVGPSP,3,46.212974,6.177044,0
000385014,0$GVGNSP,000385014,46.212974,6.177044,0,0X03
#385014$GVGPSC,3,11.111111,47.000000,0
000385014,0$GVGNSC,000385014,11.111111,0,47.000000,0X05
#386021$GVGPSP,3,46.213030,6.177134,0
000386021,0$GVGNSP,000386021,46.213030,6.177134,0,0X03
#386021$GVGPSC,3,11.111111,47.000000,0
000386021,0$GVGNSC,000386021,11.111111,0,47.000000,0X05
#387024$GVGPSP,3,46.213092,6.177215,0
000387024,0$GVGNSP,000387024,46.213092,6.177215,0,0X03
#387024$GVGPSC,3,11.111111,47.000000,0
000387024,0$GVGNSC,000387024,11.111111,0,47.000000,0X05
#388025$GVGPSP,3,46.213148,6.177305,0
000388025,0$GVGNSP,000388025,46.213148,6.177305,0,0X03
#388025$GVGPSC,3,11.111111,47.000000,0
000388025,0$GVGNSC,000388025,11.111111,0,47.000000,0X05
#389032$GVGPSP,3,46.213204,6.177395,0
000389032,0$GVGNSP,000389032,46.213204,6.177395,0,0X03
#389032$GVGPSC,3,11.111111,47.000000,0
000389032,0$GVGNSC,000389032,11.111111,0,47.000000,0X05
#390035$GVGPSP,3,46.213260,6.177494,0
000390035,0$GVGNSP,000390035,46.213260,6.177494,0,0X03
#390035$GVGPSC,3,11.111111,47.000000,0
000390035,0$GVGNSC,000390035,11.111111,0,47.000000,0X05
#391038$GVGPSP,3,46.213322,6.177584,0
000391038,0$GVGNSP,000391038,46.213322,6.177584,0,0X03
#391038$GVGPSC,3,11.111111,47.000000,0
000391038,0$GVGNSC,000391038,11.111111,0,47.000000,0X05
#392041$GVGPSP,3,46.213378,6.177683,0
000392041,0$GVGNSP,000392041,46.213378,6.177683,0,0X03
#392041$GVGPSC,3,11.111111,47.000000,0
000392041,0$GVGNSC,000392041,11.111111,0,47.000000,0X05
#393047$GVGPSP,3,46.213441,6.177782,0
000393047,0$GVGNSP,000393047,46.213441,6.177782,0,0X03
#393047$GVGPSC,3,11.111111,46.000000,0
000393047,0$GVGNSC,000393047,11.111111,0,46.000000,0X05
#394048$GVGPSP,3,46.213515,6.177890,0
000394048,0$GVGNSP,000394048,46.213515,6.177890,0,0X03
#394048$GVGPSC,3,11.111111,44.000000,28
000394048,0$GVGNSC,000394048,11.111111,0,44.000000,0X05
#395051$GVGPSP,3,46.213577,6.177962,0
000395051,0$GVGNSP,000395051,46.213577,6.177962,0,0X03
#395051$GVGPSC,3,11.111111,41.000000,0
000395051,0$GVGNSC,000395051,11.111111,0,41.000000,0X05
#396057$GVGPSP,3,46.213640,6.178043,0
000396057,0$GVGNSP,000396057,46.213640,6.178043,0,0X03
#396057$GVGPSC,3,11.111111,41.000000,0
000396057,0$GVGNSC,000396057,11.111111,0,41.000000,0X05
#397061$GVGPSP,3,46.213708,6.178133,0
000397061,0$GVGNSP,000397061,46.213708,6.178133,0,0X03
#397061$GVGPSC,3,11.111111,41.000000,0
000397061,0$GVGNSC,000397061,11.111111,0,41.000000,0X05
#398065$GVGPSP,3,46.213777,6.178214,0
000398065,0$GVGNSP,000398065,46.213777,6.178214,0,0X03
#398065$GVGPSC,3,11.111111,41.000000,0
000398065,0$GVGNSC,000398065,11.111111,0,41.000000,0X05
#399071$GVGPSP,3,46.213845,6.178312,0
000399071,0$GVGNSP,000399071,46.213845,6.178312,0,0X03
#399071$GVGPSC,3,11.111111,42.000000,0
000399071,0$GVGNSC,000399071,11.111111,0,42.000000,0X05
#400075$GVGPSP,3,46.213913,6.178393,0
000400075,0$GVGNSP,000400075,46.213913,6.178393,0,0X03
#400075$GVGPSC,3,11.111111,40.000000,18
000400075,0$GVGNSC,000400075,11.111111,0,40.000000,0X05
#401082$GVGPSP,3,46.213982,6.178483,0
000401082,0$GVGNSP,000401082,46.213982,6.178483,0,0X03
#401082$GVGPSC,3,11.111111,44.000000,28
000401082,0$GVGNSC,000401082,11.111111,0,44.000000,0X05
#402091$GVGPSP,3,46.214050,6.178582,0
000402091,0$GVGNSP,000402091,46.214050,6.178582,0,0X03
#402091$GVGPSC,3,11.111111,43.000000,0
000402091,0$GVGNSC,000402091,11.111111,0,43.000000,0X05
#403093$GVGPSP,3,46.214113,6.178672,0
000403093,0$GVGNSP,000403093,46.214113,6.178672,0,0X03
#403093$GVGPSC,3,11.111111,43.000000,0
000403093,0$GVGNSC,000403093,11.111111,0,43.000000,0X05
#404094$GVGPSP,3,46.214187,6.178762,0
000404094,0$GVGNSP,000404094,46.214187,6.178762,0,0X03
#404094$GVGPSC,3,11.111111,43.000000,0
000404094,0$GVGNSC,000404094,11.111111,0,43.000000,0X05
#405099$GVGPSP,3,46.214250,6.178852,0
000405099,0$GVGNSP,000405099,46.214250,6.178852,0,0X03
#405099$GVGPSC,3,11.111111,44.000000,28
000405099,0$GVGNSC,000405099,11.111111,0,44.000000,0X05
#406100$GVGPSP,3,46.214306,6.178951,0
000406100,0$GVGNSP,000406100,46.214306,6.178951,0,0X03
#406100$GVGPSC,3,11.111111,51.000000,0
000406100,0$GVGNSC,000406100,11.111111,0,51.000000,0X05
#407103$GVGPSP,3,46.214362,6.179041,0
000407103,0$GVGNSP,000407103,46.214362,6.179041,0,0X03
#407103$GVGPSC,3,11.111111,50.000000,0
000407103,0$GVGNSC,000407103,11.111111,0,50.000000,0X05
#408106$GVGPSP,3,46.214418,6.179140,0
000408106,0$GVGNSP,000408106,46.214418,6.179140,0,0X03
#408106$GVGPSC,3,11.111111,51.000000,0
000408106,0$GVGNSC,000408106,11.111111,0,51.000000,0X05
#409110$GVGPSP,3,46.214467,6.179248,0
000409110,0$GVGNSP,000409110,46.214467,6.179248,0,0X03
#409110$GVGPSC,3,11.111111,54.000000,0
000409110,0$GVGNSC,000409110,11.111111,0,54.000000,0X05
#410113$GVGPSP,3,46.214523,6.179356,0
000410113,0$GVGNSP,000410113,46.214523,6.179356,0,0X03
#410113$GVGPSC,3,11.111111,53.000000,0
000410113,0$GVGNSC,000410113,11.111111,0,53.000000,0X05
#411119$GVGPSP,3,46.214573,6.179464,0
000411119,0$GVGNSP,000411119,46.214573,6.179464,0,0X03
#411119$GVGPSC,3,11.111111,54.000000,0
000411119,0$GVGNSC,000411119,11.111111,0,54.000000,0X05
#412129$GVGPSP,3,46.214629,6.179572,0
000412129,0$GVGNSP,000412129,46.214629,6.179572,0,0X03
#412129$GVGPSC,3,11.111111,50.000000,0
000412129,0$GVGNSC,000412129,11.111111,0,50.000000,0X05
#413148$GVGPSP,3,46.214698,6.179670,0
000413148,0$GVGNSP,000413148,46.214698,6.179670,0,0X03
#413148$GVGPSC,3,11.111111,40.000000,18
000413148,0$GVGNSC,000413148,11.111111,0,40.000000,0X05
#414151$GVGPSP,3,46.214766,6.179760,0
000414151,0$GVGNSP,000414151,46.214766,6.179760,0,0X03
#414151$GVGPSC,3,11.111111,34.000000,0
000414151,0$GVGNSC,000414151,11.111111,0,34.000000,0X05
#415153$GVGPSP,3,46.214841,6.179832,0
000415153,0$GVGNSP,000415153,46.214841,6.179832,0,0X03
#415153$GVGPSC,3,11.111111,34.000000,0
000415153,0$GVGNSC,000415153,11.111111,0,34.000000,0X05
#416157$GVGPSP,3,46.214915,6.179904,0
000416157,0$GVGNSP,000416157,46.214915,6.179904,0,0X03
#416157$GVGPSC,3,11.111111,34.000000,0
000416157,0$GVGNSC,000416157,11.111111,0,34.000000,0X05
#417161$GVGPSP,3,46.214990,6.179976,0
000417161,0$GVGNSP,000417161,46.214990,6.179976,0,0X03
#417161$GVGPSC,3,11.111111,34.000000,0
000417161,0$GVGNSC,000417161,11.111111,0,34.000000,0X05
#418164$GVGPSP,3,46.215065,6.180057,0
000418164,0$GVGNSP,000418164,46.215065,6.180057,0,0X03
#418164$GVGPSC,3,11.111111,35.000000,0
000418164,0$GVGNSC,000418164,11.111111,0,35.000000,0X05
#419173$GVGPSP,3,46.215152,6.180120,0
000419173,0$GVGNSP,000419173,46.215152,6.180120,0,0X03
#419173$GVGPSC,3,11.111111,20.000000,0
000419173,0$GVGNSC,000419173,11.111111,0,20.000000,0X05
#420178$GVGPSP,3,46.215251,6.180174,0
000420178,0$GVGNSP,000420178,46.215251,6.180174,0,0X03
#420178$GVGPSC,3,11.111111,20.000000,0
000420178,0$GVGNSC,000420178,11.111111,0,20.000000,0X05
#421180$GVGPSP,3,46.215339,6.180219,0
000421180,0$GVGNSP,000421180,46.215339,6.180219,0,0X03
#421180$GVGPSC,3,11.111111,20.000000,0
000421180,0$GVGNSC,000421180,11.111111,0,20.000000,0X05
#422184$GVGPSP,3,46.215419,6.180264,0
000422184,0$GVGNSP,000422184,46.215419,6.180264,0,0X03
#422184$GVGPSC,3,11.111111,28.000000,0
000422184,0$GVGNSC,000422184,11.111111,0,28.000000,0X05
#423191$GVGPSP,3,46.215500,6.180327,0
000423191,0$GVGNSP,000423191,46.215500,6.180327,0,0X03
#423191$GVGPSC,3,11.111111,26.000000,0
000423191,0$GVGNSC,000423191,11.111111,0,26.000000,0X05
#424196$GVGPSP,3,46.215575,6.180408,0
000424196,0$GVGNSP,000424196,46.215575,6.180408,0,0X03
#424196$GVGPSC,3,11.111111,43.000000,0
000424196,0$GVGNSC,000424196,11.111111,0,43.000000,0X05
#425201$GVGPSP,3,46.215637,6.180498,0
000425201,0$GVGNSP,000425201,46.215637,6.180498,0,0X03
#425201$GVGPSC,3,11.111111,43.000000,0
000425201,0$GVGNSC,000425201,11.111111,0,43.000000,0X05
#426206$GVGPSP,3,46.215699,6.180588,0
000426206,0$GVGNSP,000426206,46.215699,6.180588,0,0X03
#426206$GVGPSC,3,11.111111,53.000000,0
000426206,0$GVGNSC,000426206,11.111111,0,53.000000,0X05
#427211$GVGPSP,3,46.215755,6.180696,0
000427211,0$GVGNSP,000427211,46.215755,6.180696,0,0X03
#427211$GVGPSC,3,11.111111,53.000000,0
000427211,0$GVGNSC,000427211,11.111111,0,53.000000,0X05
#428214$GVGPSP,3,46.215811,6.180804,0
000428214,0$GVGNSP,000428214,46.215811,6.180804,0,0X03
#428214$GVGPSC,3,11.111111,75.000000,0
000428214,0$GVGNSC,000428214,11.111111,0,75.000000,0X05
#429223$GVGPSP,3,46.215830,6.180920,0
000429223,0$GVGNSP,000429223,46.215830,6.180920,0,0X03
#429223$GVGPSC,3,11.111111,75.000000,0
000429223,0$GVGNSC,000429223,11.111111,0,75.000000,0X05
#430227$GVGPSP,3,46.215861,6.181037,0
000430227,0$GVGNSP,000430227,46.215861,6.181037,0,0X03
#430227$GVGPSC,3,11.111111,60.000000,0
000430227,0$GVGNSC,000430227,11.111111,0,60.000000,0X05
#431234$GVGPSP,3,46.215930,6.181127,0
000431234,0$GVGNSP,000431234,46.215930,6.181127,0,0X03
#431234$GVGPSC,3,11.111111,39.000000,0
000431234,0$GVGNSC,000431234,11.111111,0,39.000000,0X05
#432240$GVGPSP,3,46.215998,6.181208,0
000432240,0$GVGNSP,000432240,46.215998,6.181208,0,0X03
#432240$GVGPSC,3,11.111111,40.000000,18
000432240,0$GVGNSC,000432240,11.111111,0,40.000000,0X05
#433250$GVGPSP,3,46.216067,6.181289,0
000433250,0$GVGNSP,000433250,46.216067,6.181289,0,0X03
#433250$GVGPSC,3,11.111111,38.000000,0
000433250,0$GVGNSC,000433250,11.111111,0,38.000000,0X05
#434265$GVGPSP,3,46.216147,6.181388,0
000434265,0$GVGNSP,000434265,46.216147,6.181388,0,0X03
#434265$GVGPSC,3,11.111111,40.000000,18
000434265,0$GVGNSC,000434265,11.111111,0,40.000000,0X05
#435271$GVGPSP,3,46.216228,6.181442,0
000435271,0$GVGNSP,000435271,46.216228,6.181442,0,0X03
#435271$GVGPSC,3,11.111111,41.000000,0
000435271,0$GVGNSC,000435271,11.111111,0,41.000000,0X05
#436285$GVGPSP,3,46.216291,6.181532,0
000436285,0$GVGNSP,000436285,46.216291,6.181532,0,0X03
#436285$GVGPSC,3,11.111111,49.000000,0
000436285,0$GVGNSC,000436285,11.111111,0,49.000000,0X05
#437305$GVGPSP,3,46.216353,6.181631,0
000437305,0$GVGNSP,000437305,46.216353,6.181631,0,0X03
#437305$GVGPSC,3,11.111111,48.000000,0
000437305,0$GVGNSC,000437305,11.111111,0,48.000000,0X05
#438314$GVGPSP,3,46.216415,6.181730,0
000438314,0$GVGNSP,000438314,46.216415,6.181730,0,0X03
#438314$GVGPSC,3,11.111111,48.000000,0
000438314,0$GVGNSC,000438314,11.111111,0,48.000000,0X05
#439319$GVGPSP,3,46.216477,6.181829,0
000439319,0$GVGNSP,000439319,46.216477,6.181829,0,0X03
#439319$GVGPSC,3,11.111111,44.000000,28
000439319,0$GVGNSC,000439319,11.111111,0,44.000000,0X05
#440324$GVGPSP,3,46.216546,6.181928,0
000440324,0$GVGNSP,000440324,46.216546,6.181928,0,0X03
#440324$GVGPSC,3,11.111111,43.000000,0
000440324,0$GVGNSC,000440324,11.111111,0,43.000000,0X05
#441327$GVGPSP,3,46.216608,6.182009,0
000441327,0$GVGNSP,000441327,46.216608,6.182009,0,0X03
#441327$GVGPSC,3,11.111111,43.000000,0
000441327,0$GVGNSC,000441327,11.111111,0,43.000000,0X05
#442333$GVGPSP,3,46.216676,6.182108,0
000442333,0$GVGNSP,000442333,46.216676,6.182108,0,0X03
#442333$GVGPSC,3,11.111111,41.000000,0
000442333,0$GVGNSC,000442333,11.111111,0,41.000000,0X05
#443337$GVGPSP,3,46.216745,6.182189,0
000443337,0$GVGNSP,000443337,46.216745,6.182189,0,0X03
#443337$GVGPSC,3,11.111111,41.000000,0
000443337,0$GVGNSC,000443337,11.111111,0,41.000000,0X05
#444341$GVGPSP,3,46.216807,6.182278,0
000444341,0$GVGNSP,000444341,46.216807,6.182278,0,0X03
#444341$GVGPSC,3,11.111111,42.000000,0
000444341,0$GVGNSC,000444341,11.111111,0,42.000000,0X05
#445344$GVGPSP,3,46.216882,6.182368,0
000445344,0$GVGNSP,000445344,46.216882,6.182368,0,0X03
#445344$GVGPSC,3,11.111111,40.000000,18
000445344,0$GVGNSC,000445344,11.111111,0,40.000000,0X05
#446347$GVGPSP,3,46.216944,6.182449,0
000446347,0$GVGNSP,000446347,46.216944,6.182449,0,0X03
#446347$GVGPSC,3,11.111111,40.000000,18
000446347,0$GVGNSC,000446347,11.111111,0,40.000000,0X05
#447351$GVGPSP,3,46.217025,6.182539,0
000447351,0$GVGNSP,000447351,46.217025,6.182539,0,0X03
#447351$GVGPSC,3,11.111111,41.000000,0
000447351,0$GVGNSC,000447351,11.111111,0,41.000000,0X05
#448355$GVGPSP,3,46.217087,6.182620,0
000448355,0$GVGNSP,000448355,46.217087,6.182620,0,0X03
#448355$GVGPSC,3,11.111111,42.000000,0
000448355,0$GVGNSC,000448355,11.111111,0,42.000000,0X05
#449360$GVGPSP,3,46.217149,6.182710,0
000449360,0$GVGNSP,000449360,46.217149,6.182710,0,0X03
#449360$GVGPSC,3,11.111111,43.000000,0
000449360,0$GVGNSC,000449360,11.111111,0,43.000000,0X05
#450368$GVGPSP,3,46.217218,6.182791,0
000450368,0$GVGNSP,000450368,46.217218,6.182791,0,0X03
#450368$GVGPSC,3,11.111111,42.000000,0
000450368,0$GVGNSC,000450368,11.111111,0,42.000000,0X05
#451373$GVGPSP,3,46.217286,6.182890,0
000451373,0$GVGNSP,000451373,46.217286,6.182890,0,0X03
#451373$GVGPSC,3,11.111111,52.000000,46
000451373,0$GVGNSC,000451373,11.111111,0,52.000000,0X05
#452383$GVGPSP,3,46.217336,6.182998,0
000452383,0$GVGNSP,000452383,46.217336,6.182998,0,0X03
#452383$GVGPSC,3,11.111111,53.000000,42
000452383,0$GVGNSC,000452383,11.111111,0,53.000000,0X05
#453392$GVGPSP,3,46.217348,6.183106,0
000453392,0$GVGNSP,000453392,46.217348,6.183106,0,0X03
#453392$GVGPSC,3,11.111111,141.000000,41
000453392,0$GVGNSC,000453392,11.111111,0,141.000000,0X05
#454397$GVGPSP,3,46.217280,6.183196,0
000454397,0$GVGNSP,000454397,46.217280,6.183196,0,0X03
#454397$GVGPSC,3,11.111111,139.000000,38
000454397,0$GVGNSC,000454397,11.111111,0,139.000000,0X05
